Traceback (most recent call last):
  File "/opt/hostedtoolcache/Python/3.9.16/x64/lib/python3.9/site-packages/jupyter_cache/executors/utils.py", line 58, in single_nb_execution
    executenb(
  File "/opt/hostedtoolcache/Python/3.9.16/x64/lib/python3.9/site-packages/nbclient/client.py", line 1305, in execute
    return NotebookClient(nb=nb, resources=resources, km=km, **kwargs).execute()
  File "/opt/hostedtoolcache/Python/3.9.16/x64/lib/python3.9/site-packages/jupyter_core/utils/__init__.py", line 166, in wrapped
    return loop.run_until_complete(inner)
  File "/opt/hostedtoolcache/Python/3.9.16/x64/lib/python3.9/asyncio/base_events.py", line 647, in run_until_complete
    return future.result()
  File "/opt/hostedtoolcache/Python/3.9.16/x64/lib/python3.9/site-packages/nbclient/client.py", line 705, in async_execute
    await self.async_execute_cell(
  File "/opt/hostedtoolcache/Python/3.9.16/x64/lib/python3.9/site-packages/nbclient/client.py", line 1058, in async_execute_cell
    await self._check_raise_for_error(cell, cell_index, exec_reply)
  File "/opt/hostedtoolcache/Python/3.9.16/x64/lib/python3.9/site-packages/nbclient/client.py", line 914, in _check_raise_for_error
    raise CellExecutionError.from_cell_and_msg(cell, exec_reply_content)
nbclient.exceptions.CellExecutionError: An error occurred while executing the following cell:
------------------
import glob
import utils
import xarray as xr
import pandas as pd
from datetime import datetime, timedelta
from datetime import datetime
import hvplot.xarray
import holoviews as hv
------------------


[0;31m---------------------------------------------------------------------------[0m
[0;31mModuleNotFoundError[0m                       Traceback (most recent call last)
Cell [0;32mIn[1], line 2[0m
[1;32m      1[0m [38;5;28;01mimport[39;00m [38;5;21;01mglob[39;00m
[0;32m----> 2[0m [38;5;28;01mimport[39;00m [38;5;21;01mutils[39;00m
[1;32m      3[0m [38;5;28;01mimport[39;00m [38;5;21;01mxarray[39;00m [38;5;28;01mas[39;00m [38;5;21;01mxr[39;00m
[1;32m      4[0m [38;5;28;01mimport[39;00m [38;5;21;01mpandas[39;00m [38;5;28;01mas[39;00m [38;5;21;01mpd[39;00m

File [0;32m~/work/instrument-cookbooks/instrument-cookbooks/notebooks/doppler-lidar/utils.py:11[0m
[1;32m      1[0m [38;5;66;03m#!/usr/bin/env python3[39;00m
[1;32m      2[0m [38;5;66;03m# -*- coding: utf-8 -*-[39;00m
[1;32m      3[0m [38;5;124;03m"""[39;00m
[1;32m      4[0m [38;5;124;03mConversion tool for StreamLine .hpl files into netCDF (.nc) files:[39;00m
[1;32m      5[0m [38;5;124;03m    [39;00m
[0;32m   (...)[0m
[1;32m      9[0m [38;5;124;03m    [39;00m
[1;32m     10[0m [38;5;124;03m"""[39;00m
[0;32m---> 11[0m [38;5;28;01mimport[39;00m [38;5;21;01mnumpy[39;00m [38;5;28;01mas[39;00m [38;5;21;01mnp[39;00m
[1;32m     12[0m [38;5;28;01mfrom[39;00m [38;5;21;01mnetCDF4[39;00m [38;5;28;01mimport[39;00m Dataset
[1;32m     13[0m [38;5;28;01mimport[39;00m [38;5;21;01mos[39;00m

[0;31mModuleNotFoundError[0m: No module named 'numpy'

