Traceback (most recent call last):
  File "/home/runner/miniconda3/envs/instrument-cookbooks-dev/lib/python3.10/site-packages/jupyter_cache/executors/utils.py", line 58, in single_nb_execution
    executenb(
  File "/home/runner/miniconda3/envs/instrument-cookbooks-dev/lib/python3.10/site-packages/nbclient/client.py", line 1314, in execute
    return NotebookClient(nb=nb, resources=resources, km=km, **kwargs).execute()
  File "/home/runner/miniconda3/envs/instrument-cookbooks-dev/lib/python3.10/site-packages/jupyter_core/utils/__init__.py", line 165, in wrapped
    return loop.run_until_complete(inner)
  File "/home/runner/miniconda3/envs/instrument-cookbooks-dev/lib/python3.10/asyncio/base_events.py", line 649, in run_until_complete
    return future.result()
  File "/home/runner/miniconda3/envs/instrument-cookbooks-dev/lib/python3.10/site-packages/nbclient/client.py", line 709, in async_execute
    await self.async_execute_cell(
  File "/home/runner/miniconda3/envs/instrument-cookbooks-dev/lib/python3.10/site-packages/nbclient/client.py", line 1062, in async_execute_cell
    await self._check_raise_for_error(cell, cell_index, exec_reply)
  File "/home/runner/miniconda3/envs/instrument-cookbooks-dev/lib/python3.10/site-packages/nbclient/client.py", line 918, in _check_raise_for_error
    raise CellExecutionError.from_cell_and_msg(cell, exec_reply_content)
nbclient.exceptions.CellExecutionError: An error occurred while executing the following cell:
------------------
import numpy as np
from netCDF4 import Dataset
import os
import datetime
import xarray as xr
import pandas as pd
import matplotlib.dates as mdates
import matplotlib.dates as mdates
from matplotlib import pyplot as plt
from matplotlib.colors import LogNorm
import pyart #This will be replaced by cmweather in the future
import act
import glob

%matplotlib inline
------------------

----- stdout -----

## You are using the Python ARM Radar Toolkit (Py-ART), an open source
## library for working with weather radar data. Py-ART is partly
## supported by the U.S. Department of Energy as part of the Atmospheric
## Radiation Measurement (ARM) Climate Research Facility, an Office of
## Science user facility.
##
## If you use this software to prepare a publication, please cite:
##
##     JJ Helmus and SM Collis, JORS 2016, doi: 10.5334/jors.119
------------------

[0;31m---------------------------------------------------------------------------[0m
[0;31mTypeError[0m                                 Traceback (most recent call last)
Cell [0;32mIn[1], line 11[0m
[1;32m      9[0m [38;5;28;01mfrom[39;00m [38;5;21;01mmatplotlib[39;00m [38;5;28;01mimport[39;00m pyplot [38;5;28;01mas[39;00m plt
[1;32m     10[0m [38;5;28;01mfrom[39;00m [38;5;21;01mmatplotlib[39;00m[38;5;21;01m.[39;00m[38;5;21;01mcolors[39;00m [38;5;28;01mimport[39;00m LogNorm
[0;32m---> 11[0m [38;5;28;01mimport[39;00m [38;5;21;01mpyart[39;00m [38;5;66;03m#This will be replaced by cmweather in the future[39;00m
[1;32m     12[0m [38;5;28;01mimport[39;00m [38;5;21;01mact[39;00m
[1;32m     13[0m [38;5;28;01mimport[39;00m [38;5;21;01mglob[39;00m

File [0;32m~/miniconda3/envs/instrument-cookbooks-dev/lib/python3.10/site-packages/pyart/__init__.py:29[0m
[1;32m     25[0m [38;5;28;01mimport[39;00m [38;5;21;01mimportlib[39;00m[38;5;21;01m.[39;00m[38;5;21;01mmetadata[39;00m [38;5;28;01mas[39;00m [38;5;21;01m_importlib_metadata[39;00m
[1;32m     27[0m [38;5;66;03m# import subpackages[39;00m
[1;32m     28[0m [38;5;66;03m# print out helpful message if build fails or importing from source tree[39;00m
[0;32m---> 29[0m [38;5;28;01mfrom[39;00m [38;5;21;01m.[39;00m [38;5;28;01mimport[39;00m (
[1;32m     30[0m     __check_build,  [38;5;66;03m# noqa[39;00m
[1;32m     31[0m     aux_io,  [38;5;66;03m# noqa[39;00m
[1;32m     32[0m     bridge,  [38;5;66;03m# noqa[39;00m
[1;32m     33[0m     config,  [38;5;66;03m# noqa[39;00m
[1;32m     34[0m     core,  [38;5;66;03m# noqa[39;00m
[1;32m     35[0m     correct,  [38;5;66;03m# noqa[39;00m
[1;32m     36[0m     filters,  [38;5;66;03m# noqa[39;00m
[1;32m     37[0m     graph,  [38;5;66;03m# noqa[39;00m
[1;32m     38[0m     io,  [38;5;66;03m# noqa[39;00m
[1;32m     39[0m     [38;5;28mmap[39m,  [38;5;66;03m# noqa[39;00m
[1;32m     40[0m     retrieve,  [38;5;66;03m# noqa[39;00m
[1;32m     41[0m     testing,  [38;5;66;03m# noqa[39;00m
[1;32m     42[0m     util,  [38;5;66;03m# noqa[39;00m
[1;32m     43[0m     xradar,  [38;5;66;03m# noqa[39;00m
[1;32m     44[0m )
[1;32m     45[0m [38;5;28;01mfrom[39;00m [38;5;21;01m.[39;00m[38;5;21;01m_debug_info[39;00m [38;5;28;01mimport[39;00m _debug_info  [38;5;66;03m# noqa[39;00m
[1;32m     47[0m [38;5;66;03m# root level functions[39;00m

File [0;32m~/miniconda3/envs/instrument-cookbooks-dev/lib/python3.10/site-packages/pyart/correct/__init__.py:11[0m
[1;32m      9[0m [38;5;28;01mfrom[39;00m [38;5;21;01m.[39;00m[38;5;21;01mattenuation[39;00m [38;5;28;01mimport[39;00m calculate_attenuation_philinear  [38;5;66;03m# noqa[39;00m
[1;32m     10[0m [38;5;28;01mfrom[39;00m [38;5;21;01m.[39;00m[38;5;21;01mattenuation[39;00m [38;5;28;01mimport[39;00m calculate_attenuation_zphi  [38;5;66;03m# noqa[39;00m
[0;32m---> 11[0m [38;5;28;01mfrom[39;00m [38;5;21;01m.[39;00m[38;5;21;01mbias_and_noise[39;00m [38;5;28;01mimport[39;00m calc_zdr_offset  [38;5;66;03m# noqa[39;00m
[1;32m     12[0m [38;5;28;01mfrom[39;00m [38;5;21;01m.[39;00m[38;5;21;01mbias_and_noise[39;00m [38;5;28;01mimport[39;00m calc_cloud_mask, calc_noise_floor, correct_bias  [38;5;66;03m# noqa[39;00m
[1;32m     13[0m [38;5;28;01mfrom[39;00m [38;5;21;01m.[39;00m[38;5;21;01mbias_and_noise[39;00m [38;5;28;01mimport[39;00m (
[1;32m     14[0m     correct_noise_rhohv,  [38;5;66;03m# noqa[39;00m
[1;32m     15[0m     cloud_threshold,  [38;5;66;03m# noqa[39;00m
[1;32m     16[0m     range_correction,  [38;5;66;03m# noqa[39;00m
[1;32m     17[0m )  [38;5;66;03m# noqa[39;00m

File [0;32m~/miniconda3/envs/instrument-cookbooks-dev/lib/python3.10/site-packages/pyart/correct/bias_and_noise.py:10[0m
[1;32m      8[0m [38;5;28;01mimport[39;00m [38;5;21;01mdask[39;00m
[1;32m      9[0m [38;5;28;01mimport[39;00m [38;5;21;01mnumpy[39;00m [38;5;28;01mas[39;00m [38;5;21;01mnp[39;00m
[0;32m---> 10[0m [38;5;28;01mimport[39;00m [38;5;21;01mpint[39;00m
[1;32m     11[0m [38;5;28;01mfrom[39;00m [38;5;21;01mscipy[39;00m [38;5;28;01mimport[39;00m signal
[1;32m     13[0m [38;5;28;01mfrom[39;00m [38;5;21;01m.[39;00m[38;5;21;01m.[39;00m[38;5;21;01mconfig[39;00m [38;5;28;01mimport[39;00m get_field_name, get_metadata

File [0;32m~/miniconda3/envs/instrument-cookbooks-dev/lib/python3.10/site-packages/pint/__init__.py:18[0m
[1;32m     14[0m [38;5;28;01mfrom[39;00m [38;5;21;01m__future__[39;00m [38;5;28;01mimport[39;00m annotations
[1;32m     16[0m [38;5;28;01mfrom[39;00m [38;5;21;01mimportlib[39;00m[38;5;21;01m.[39;00m[38;5;21;01mmetadata[39;00m [38;5;28;01mimport[39;00m version
[0;32m---> 18[0m [38;5;28;01mfrom[39;00m [38;5;21;01m.[39;00m[38;5;21;01mdelegates[39;00m[38;5;21;01m.[39;00m[38;5;21;01mformatter[39;00m[38;5;21;01m.[39;00m[38;5;21;01m_format_helpers[39;00m [38;5;28;01mimport[39;00m formatter
[1;32m     19[0m [38;5;28;01mfrom[39;00m [38;5;21;01m.[39;00m[38;5;21;01merrors[39;00m [38;5;28;01mimport[39;00m (  [38;5;66;03m# noqa: F401[39;00m
[1;32m     20[0m     DefinitionSyntaxError,
[1;32m     21[0m     DimensionalityError,
[0;32m   (...)[0m
[1;32m     27[0m     UnitStrippedWarning,
[1;32m     28[0m )
[1;32m     29[0m [38;5;28;01mfrom[39;00m [38;5;21;01m.[39;00m[38;5;21;01mformatting[39;00m [38;5;28;01mimport[39;00m register_unit_format

File [0;32m~/miniconda3/envs/instrument-cookbooks-dev/lib/python3.10/site-packages/pint/delegates/__init__.py:12[0m
[1;32m      1[0m [38;5;124;03m"""[39;00m
[1;32m      2[0m [38;5;124;03m    pint.delegates[39;00m
[1;32m      3[0m [38;5;124;03m    ~~~~~~~~~~~~~~[39;00m
[0;32m   (...)[0m
[1;32m      8[0m [38;5;124;03m    :license: BSD, see LICENSE for more details.[39;00m
[1;32m      9[0m [38;5;124;03m"""[39;00m
[1;32m     10[0m [38;5;28;01mfrom[39;00m [38;5;21;01m__future__[39;00m [38;5;28;01mimport[39;00m annotations
[0;32m---> 12[0m [38;5;28;01mfrom[39;00m [38;5;21;01m.[39;00m [38;5;28;01mimport[39;00m txt_defparser
[1;32m     13[0m [38;5;28;01mfrom[39;00m [38;5;21;01m.[39;00m[38;5;21;01mbase_defparser[39;00m [38;5;28;01mimport[39;00m ParserConfig, build_disk_cache_class
[1;32m     14[0m [38;5;28;01mfrom[39;00m [38;5;21;01m.[39;00m[38;5;21;01mformatter[39;00m [38;5;28;01mimport[39;00m Formatter

File [0;32m~/miniconda3/envs/instrument-cookbooks-dev/lib/python3.10/site-packages/pint/delegates/txt_defparser/__init__.py:12[0m
[1;32m      1[0m [38;5;124;03m"""[39;00m
[1;32m      2[0m [38;5;124;03m    pint.delegates.txt_defparser[39;00m
[1;32m      3[0m [38;5;124;03m    ~~~~~~~~~~~~~~~~~~~~~~~~~~~~[39;00m
[0;32m   (...)[0m
[1;32m      8[0m [38;5;124;03m    :license: BSD, see LICENSE for more details.[39;00m
[1;32m      9[0m [38;5;124;03m"""[39;00m
[1;32m     10[0m [38;5;28;01mfrom[39;00m [38;5;21;01m__future__[39;00m [38;5;28;01mimport[39;00m annotations
[0;32m---> 12[0m [38;5;28;01mfrom[39;00m [38;5;21;01m.[39;00m[38;5;21;01mdefparser[39;00m [38;5;28;01mimport[39;00m DefParser
[1;32m     14[0m __all__ [38;5;241m=[39m [
[1;32m     15[0m     [38;5;124m"[39m[38;5;124mDefParser[39m[38;5;124m"[39m,
[1;32m     16[0m ]

File [0;32m~/miniconda3/envs/instrument-cookbooks-dev/lib/python3.10/site-packages/pint/delegates/txt_defparser/defparser.py:10[0m
[1;32m      7[0m [38;5;28;01mimport[39;00m [38;5;21;01mflexparser[39;00m [38;5;28;01mas[39;00m [38;5;21;01mfp[39;00m
[1;32m      9[0m [38;5;28;01mfrom[39;00m [38;5;21;01m.[39;00m[38;5;21;01m.[39;00m[38;5;21;01mbase_defparser[39;00m [38;5;28;01mimport[39;00m ParserConfig
[0;32m---> 10[0m [38;5;28;01mfrom[39;00m [38;5;21;01m.[39;00m [38;5;28;01mimport[39;00m block, common, context, defaults, group, plain, system
[1;32m     13[0m [38;5;28;01mclass[39;00m [38;5;21;01mPintRootBlock[39;00m(
[1;32m     14[0m     fp[38;5;241m.[39mRootBlock[
[1;32m     15[0m         ty[38;5;241m.[39mUnion[
[0;32m   (...)[0m
[1;32m     29[0m     ]
[1;32m     30[0m ):
[1;32m     31[0m     [38;5;28;01mpass[39;00m

File [0;32m~/miniconda3/envs/instrument-cookbooks-dev/lib/python3.10/site-packages/pint/delegates/txt_defparser/common.py:24[0m
[1;32m     19[0m [38;5;28;01mfrom[39;00m [38;5;21;01m.[39;00m[38;5;21;01m.[39;00m[38;5;21;01m.[39;00m [38;5;28;01mimport[39;00m errors
[1;32m     20[0m [38;5;28;01mfrom[39;00m [38;5;21;01m.[39;00m[38;5;21;01m.[39;00m[38;5;21;01mbase_defparser[39;00m [38;5;28;01mimport[39;00m ParserConfig
[1;32m     23[0m [38;5;129;43m@dataclass[39;49m[43m([49m[43mfrozen[49m[38;5;241;43m=[39;49m[38;5;28;43;01mTrue[39;49;00m[43m)[49m
[0;32m---> 24[0m [38;5;28;43;01mclass[39;49;00m[43m [49m[38;5;21;43;01mDefinitionSyntaxError[39;49;00m[43m([49m[43merrors[49m[38;5;241;43m.[39;49m[43mDefinitionSyntaxError[49m[43m,[49m[43m [49m[43mfp[49m[38;5;241;43m.[39;49m[43mParsingError[49m[43m)[49m[43m:[49m
[1;32m     25[0m [38;5;250;43m    [39;49m[38;5;124;43;03m"""A syntax error was found in a definition. Combines:[39;49;00m
[1;32m     26[0m 
[1;32m     27[0m [38;5;124;43;03m    DefinitionSyntaxError: which provides a message placeholder.[39;49;00m
[0;32m   (...)[0m
[1;32m     30[0m [38;5;124;43;03m    and an extra location attribute in which the filename or reseource is stored.[39;49;00m
[1;32m     31[0m [38;5;124;43;03m    """[39;49;00m
[1;32m     33[0m [43m    [49m[43mlocation[49m[43m:[49m[43m [49m[38;5;28;43mstr[39;49m[43m [49m[38;5;241;43m=[39;49m[43m [49m[43mfield[49m[43m([49m[43minit[49m[38;5;241;43m=[39;49m[38;5;28;43;01mFalse[39;49;00m[43m,[49m[43m [49m[43mdefault[49m[38;5;241;43m=[39;49m[38;5;124;43m"[39;49m[38;5;124;43m"[39;49m[43m)[49m

File [0;32m~/miniconda3/envs/instrument-cookbooks-dev/lib/python3.10/dataclasses.py:1175[0m, in [0;36mdataclass.<locals>.wrap[0;34m(cls)[0m
[1;32m   1174[0m [38;5;28;01mdef[39;00m [38;5;21mwrap[39m([38;5;28mcls[39m):
[0;32m-> 1175[0m     [38;5;28;01mreturn[39;00m [43m_process_class[49m[43m([49m[38;5;28;43mcls[39;49m[43m,[49m[43m [49m[43minit[49m[43m,[49m[43m [49m[38;5;28;43mrepr[39;49m[43m,[49m[43m [49m[43meq[49m[43m,[49m[43m [49m[43morder[49m[43m,[49m[43m [49m[43munsafe_hash[49m[43m,[49m
[1;32m   1176[0m [43m                          [49m[43mfrozen[49m[43m,[49m[43m [49m[43mmatch_args[49m[43m,[49m[43m [49m[43mkw_only[49m[43m,[49m[43m [49m[43mslots[49m[43m)[49m

File [0;32m~/miniconda3/envs/instrument-cookbooks-dev/lib/python3.10/dataclasses.py:990[0m, in [0;36m_process_class[0;34m(cls, init, repr, eq, order, unsafe_hash, frozen, match_args, kw_only, slots)[0m
[1;32m    988[0m     [38;5;66;03m# Raise an exception if we're frozen, but none of our bases are.[39;00m
[1;32m    989[0m     [38;5;28;01mif[39;00m [38;5;129;01mnot[39;00m any_frozen_base [38;5;129;01mand[39;00m frozen:
[0;32m--> 990[0m         [38;5;28;01mraise[39;00m [38;5;167;01mTypeError[39;00m([38;5;124m'[39m[38;5;124mcannot inherit frozen dataclass from a [39m[38;5;124m'[39m
[1;32m    991[0m                         [38;5;124m'[39m[38;5;124mnon-frozen one[39m[38;5;124m'[39m)
[1;32m    993[0m [38;5;66;03m# Remember all of the fields on our class (including bases).  This[39;00m
[1;32m    994[0m [38;5;66;03m# also marks this class as being a dataclass.[39;00m
[1;32m    995[0m [38;5;28msetattr[39m([38;5;28mcls[39m, _FIELDS, fields)

[0;31mTypeError[0m: cannot inherit frozen dataclass from a non-frozen one

