Traceback (most recent call last):
  File "/home/runner/miniconda3/envs/instrument-cookbooks-dev/lib/python3.10/site-packages/jupyter_cache/executors/utils.py", line 58, in single_nb_execution
    executenb(
  File "/home/runner/miniconda3/envs/instrument-cookbooks-dev/lib/python3.10/site-packages/nbclient/client.py", line 1314, in execute
    return NotebookClient(nb=nb, resources=resources, km=km, **kwargs).execute()
  File "/home/runner/miniconda3/envs/instrument-cookbooks-dev/lib/python3.10/site-packages/jupyter_core/utils/__init__.py", line 165, in wrapped
    return loop.run_until_complete(inner)
  File "/home/runner/miniconda3/envs/instrument-cookbooks-dev/lib/python3.10/asyncio/base_events.py", line 649, in run_until_complete
    return future.result()
  File "/home/runner/miniconda3/envs/instrument-cookbooks-dev/lib/python3.10/site-packages/nbclient/client.py", line 709, in async_execute
    await self.async_execute_cell(
  File "/home/runner/miniconda3/envs/instrument-cookbooks-dev/lib/python3.10/site-packages/nbclient/client.py", line 1062, in async_execute_cell
    await self._check_raise_for_error(cell, cell_index, exec_reply)
  File "/home/runner/miniconda3/envs/instrument-cookbooks-dev/lib/python3.10/site-packages/nbclient/client.py", line 918, in _check_raise_for_error
    raise CellExecutionError.from_cell_and_msg(cell, exec_reply_content)
nbclient.exceptions.CellExecutionError: An error occurred while executing the following cell:
------------------
import sage_data_client
from bokeh.models.formatters import DatetimeTickFormatter
import hvplot.pandas
import hvplot.xarray
import pytz
import holoviews as hv
import cartopy.crs as ccrs
import cartopy.feature as cfeature
import xarray as xr
import matplotlib.pyplot as plt
from metpy.plots import USCOUNTIES
import metpy.calc as mpcalc
import act
import numpy as np
import pandas as pd
import warnings
from bokeh.models import DatetimeTickFormatter
import panel as pn

start="2023-05-16T22:00:00Z"
end="2023-05-17T00:00:00Z"

def apply_formatter(plot, element):
    plot.handles['xaxis'].formatter = DatetimeTickFormatter(hours='%m/%d/%Y \n %H:%M',
                                                            minutes='%m/%d/%Y \n %H:%M',
                                                            hourmin='%m/%d/%Y \n %H:%M',
                                                            days='%m/%d/%Y \n %H:%M',
                                                            months='%m/%d/%Y \n %H:%M')
xr.set_options(keep_attrs=True)
warnings.filterwarnings("ignore")
hv.extension("bokeh")



# Dictionary for renaming to standard names
variable_rename_dict = {'wxt.env.humidity':'relative_humidity',
                        'wxt.env.pressure':'air_pressure',
                        'wxt.env.temp':'air_temperature',
                        'wxt.heater.temp':'heater_temperature',
                        'wxt.heater.volt':'heater_voltage',
                        'wxt.rain.accumulation':'rain_accumulation',
                        'wxt.wind.direction':'wind_direction',
                        'wxt.wind.speed':'wind_speed',
                        'sys.gps.lat':'latitude',
                        'sys.gps.lon':'longitude',
                    }

# Dictionary for units that are missing
units_dict = {'wxt.env.temp': 'degC',
              'wxt.env.pressure':'hPa',
              'wxt.env.humidity':'percent',
              'wxt.wind.speed':'m/s',
              'wxt.wind.direction':'degrees'}

def generate_data_array(df, variable, rename_variable_dict=variable_rename_dict):
    new_variable_name = rename_variable_dict[variable]
    df_variable= df.loc[df.name == variable]
    ds = df_variable.to_xarray().rename({'value':new_variable_name,
                                         'timestamp':'time',
                                         'meta.vsn':'node'})
    ds[new_variable_name].attrs['units'] = df_variable['meta.units'].values[0]
    ds['time'] = pd.to_datetime(ds.time)
    ds.attrs['datastream'] = ds.node.values[0]
    return ds[[new_variable_name]]

def generate_dataset(df, variables, rename_variable_dict=variable_rename_dict):
    try:
        reindexed = df.set_index(['meta.vsn', 'timestamp'])
    except:
        reindexed = df.set_index(['timestamp'])
    return xr.merge([generate_data_array(reindexed, variable) for variable in variables])


# Query and load for n numbder of days
wxt_df = sage_data_client.query(
    start=start,
    end=end,
    filter={
        "sensor": "vaisala-wxt536",
        "name": "wxt.env.*"
    }
)

wxt_df1 = sage_data_client.query(
    start=start,
    end=end,
    filter={
        "sensor": "vaisala-wxt536",
        "name": "wxt.wind.*"
    }
)

# Use local Chicago times
wxt_df = pd.concat([wxt_df, wxt_df1])
#time = pd.to_datetime(wxt_df.timestamp.values, utc=True)
#wxt_df['timestamp'] = time.tz_convert(pytz.timezone("America/Chicago"))

try:

    # Discover what variables we have and what to load into xarray
    wxt_variables = wxt_df.name.unique()
    wxt_df['meta.units'] = wxt_df.name.map(units_dict)
    
    wxt_ds = generate_dataset(wxt_df, wxt_variables).squeeze().metpy.parse_cf()
    wxt_ds['node'] = ['W08D at Northeastern Illinois University']
    # Convert to Local Chicago Time - THIS IS ONLY FOR DAYLIGHT TIME
    wxt_ds['time'] = wxt_ds.time - pd.Timedelta(hours=5)
    wxt_ds['air_dewpoint_temperature'] = mpcalc.dewpoint_from_relative_humidity(wxt_ds.air_temperature, wxt_ds.relative_humidity)
    
    # Convert to degrees Fahrenheit
    wxt_ds['air_temperature'] = wxt_ds['air_temperature'].metpy.quantify().metpy.convert_units('degF').metpy.dequantify()
    wxt_ds['air_dewpoint_temperature'] = wxt_ds['air_dewpoint_temperature'].metpy.quantify().metpy.convert_units('degF').metpy.dequantify()
    wxt_ds['wind_speed'] = wxt_ds['wind_speed'].metpy.quantify().metpy.convert_units('mph').metpy.dequantify()
    
    # Resample to 1 minute freqency
    minute_ds = wxt_ds.resample(time='1T').mean()

    plots = []
    temp_plot = wxt_ds.air_temperature.hvplot(color='red',
                                              xlabel='Local Time (Chicago)',
                                              label='Air Temperature (degF)')
    dewp_plot = wxt_ds.air_dewpoint_temperature.hvplot(color='green',
                                                       xlabel='Local Time (Chicago)',
                                                       label='Dewpoint Temperature (degF)')
    plots.append((temp_plot * dewp_plot).opts(hooks=[apply_formatter]))
    
    meteogram_variables = ['wind_speed', 'wind_direction']
    for variable in meteogram_variables:
        plots.append((wxt_ds[variable].hvplot.line(label='10 Hz Data') * 
                     minute_ds[variable].hvplot.line(label='1 Minute Data')).opts(hooks=[apply_formatter]))
    
    
except:
    plots = pn.Row(title='No Data Available')
------------------


[0;31m---------------------------------------------------------------------------[0m
[0;31mSSLError[0m                                  Traceback (most recent call last)
File [0;32m~/miniconda3/envs/instrument-cookbooks-dev/lib/python3.10/urllib/request.py:1348[0m, in [0;36mAbstractHTTPHandler.do_open[0;34m(self, http_class, req, **http_conn_args)[0m
[1;32m   1347[0m [38;5;28;01mtry[39;00m:
[0;32m-> 1348[0m     [43mh[49m[38;5;241;43m.[39;49m[43mrequest[49m[43m([49m[43mreq[49m[38;5;241;43m.[39;49m[43mget_method[49m[43m([49m[43m)[49m[43m,[49m[43m [49m[43mreq[49m[38;5;241;43m.[39;49m[43mselector[49m[43m,[49m[43m [49m[43mreq[49m[38;5;241;43m.[39;49m[43mdata[49m[43m,[49m[43m [49m[43mheaders[49m[43m,[49m
[1;32m   1349[0m [43m              [49m[43mencode_chunked[49m[38;5;241;43m=[39;49m[43mreq[49m[38;5;241;43m.[39;49m[43mhas_header[49m[43m([49m[38;5;124;43m'[39;49m[38;5;124;43mTransfer-encoding[39;49m[38;5;124;43m'[39;49m[43m)[49m[43m)[49m
[1;32m   1350[0m [38;5;28;01mexcept[39;00m [38;5;167;01mOSError[39;00m [38;5;28;01mas[39;00m err: [38;5;66;03m# timeout error[39;00m

File [0;32m~/miniconda3/envs/instrument-cookbooks-dev/lib/python3.10/http/client.py:1283[0m, in [0;36mHTTPConnection.request[0;34m(self, method, url, body, headers, encode_chunked)[0m
[1;32m   1282[0m [38;5;250m[39m[38;5;124;03m"""Send a complete request to the server."""[39;00m
[0;32m-> 1283[0m [38;5;28;43mself[39;49m[38;5;241;43m.[39;49m[43m_send_request[49m[43m([49m[43mmethod[49m[43m,[49m[43m [49m[43murl[49m[43m,[49m[43m [49m[43mbody[49m[43m,[49m[43m [49m[43mheaders[49m[43m,[49m[43m [49m[43mencode_chunked[49m[43m)[49m

File [0;32m~/miniconda3/envs/instrument-cookbooks-dev/lib/python3.10/http/client.py:1329[0m, in [0;36mHTTPConnection._send_request[0;34m(self, method, url, body, headers, encode_chunked)[0m
[1;32m   1328[0m     body [38;5;241m=[39m _encode(body, [38;5;124m'[39m[38;5;124mbody[39m[38;5;124m'[39m)
[0;32m-> 1329[0m [38;5;28;43mself[39;49m[38;5;241;43m.[39;49m[43mendheaders[49m[43m([49m[43mbody[49m[43m,[49m[43m [49m[43mencode_chunked[49m[38;5;241;43m=[39;49m[43mencode_chunked[49m[43m)[49m

File [0;32m~/miniconda3/envs/instrument-cookbooks-dev/lib/python3.10/http/client.py:1278[0m, in [0;36mHTTPConnection.endheaders[0;34m(self, message_body, encode_chunked)[0m
[1;32m   1277[0m     [38;5;28;01mraise[39;00m CannotSendHeader()
[0;32m-> 1278[0m [38;5;28;43mself[39;49m[38;5;241;43m.[39;49m[43m_send_output[49m[43m([49m[43mmessage_body[49m[43m,[49m[43m [49m[43mencode_chunked[49m[38;5;241;43m=[39;49m[43mencode_chunked[49m[43m)[49m

File [0;32m~/miniconda3/envs/instrument-cookbooks-dev/lib/python3.10/http/client.py:1038[0m, in [0;36mHTTPConnection._send_output[0;34m(self, message_body, encode_chunked)[0m
[1;32m   1037[0m [38;5;28;01mdel[39;00m [38;5;28mself[39m[38;5;241m.[39m_buffer[:]
[0;32m-> 1038[0m [38;5;28;43mself[39;49m[38;5;241;43m.[39;49m[43msend[49m[43m([49m[43mmsg[49m[43m)[49m
[1;32m   1040[0m [38;5;28;01mif[39;00m message_body [38;5;129;01mis[39;00m [38;5;129;01mnot[39;00m [38;5;28;01mNone[39;00m:
[1;32m   1041[0m 
[1;32m   1042[0m     [38;5;66;03m# create a consistent interface to message_body[39;00m

File [0;32m~/miniconda3/envs/instrument-cookbooks-dev/lib/python3.10/http/client.py:976[0m, in [0;36mHTTPConnection.send[0;34m(self, data)[0m
[1;32m    975[0m [38;5;28;01mif[39;00m [38;5;28mself[39m[38;5;241m.[39mauto_open:
[0;32m--> 976[0m     [38;5;28;43mself[39;49m[38;5;241;43m.[39;49m[43mconnect[49m[43m([49m[43m)[49m
[1;32m    977[0m [38;5;28;01melse[39;00m:

File [0;32m~/miniconda3/envs/instrument-cookbooks-dev/lib/python3.10/http/client.py:1455[0m, in [0;36mHTTPSConnection.connect[0;34m(self)[0m
[1;32m   1453[0m     server_hostname [38;5;241m=[39m [38;5;28mself[39m[38;5;241m.[39mhost
[0;32m-> 1455[0m [38;5;28mself[39m[38;5;241m.[39msock [38;5;241m=[39m [38;5;28;43mself[39;49m[38;5;241;43m.[39;49m[43m_context[49m[38;5;241;43m.[39;49m[43mwrap_socket[49m[43m([49m[38;5;28;43mself[39;49m[38;5;241;43m.[39;49m[43msock[49m[43m,[49m
[1;32m   1456[0m [43m                                      [49m[43mserver_hostname[49m[38;5;241;43m=[39;49m[43mserver_hostname[49m[43m)[49m

File [0;32m~/miniconda3/envs/instrument-cookbooks-dev/lib/python3.10/ssl.py:513[0m, in [0;36mSSLContext.wrap_socket[0;34m(self, sock, server_side, do_handshake_on_connect, suppress_ragged_eofs, server_hostname, session)[0m
[1;32m    507[0m [38;5;28;01mdef[39;00m [38;5;21mwrap_socket[39m([38;5;28mself[39m, sock, server_side[38;5;241m=[39m[38;5;28;01mFalse[39;00m,
[1;32m    508[0m                 do_handshake_on_connect[38;5;241m=[39m[38;5;28;01mTrue[39;00m,
[1;32m    509[0m                 suppress_ragged_eofs[38;5;241m=[39m[38;5;28;01mTrue[39;00m,
[1;32m    510[0m                 server_hostname[38;5;241m=[39m[38;5;28;01mNone[39;00m, session[38;5;241m=[39m[38;5;28;01mNone[39;00m):
[1;32m    511[0m     [38;5;66;03m# SSLSocket class handles server_hostname encoding before it calls[39;00m
[1;32m    512[0m     [38;5;66;03m# ctx._wrap_socket()[39;00m
[0;32m--> 513[0m     [38;5;28;01mreturn[39;00m [38;5;28;43mself[39;49m[38;5;241;43m.[39;49m[43msslsocket_class[49m[38;5;241;43m.[39;49m[43m_create[49m[43m([49m
[1;32m    514[0m [43m        [49m[43msock[49m[38;5;241;43m=[39;49m[43msock[49m[43m,[49m
[1;32m    515[0m [43m        [49m[43mserver_side[49m[38;5;241;43m=[39;49m[43mserver_side[49m[43m,[49m
[1;32m    516[0m [43m        [49m[43mdo_handshake_on_connect[49m[38;5;241;43m=[39;49m[43mdo_handshake_on_connect[49m[43m,[49m
[1;32m    517[0m [43m        [49m[43msuppress_ragged_eofs[49m[38;5;241;43m=[39;49m[43msuppress_ragged_eofs[49m[43m,[49m
[1;32m    518[0m [43m        [49m[43mserver_hostname[49m[38;5;241;43m=[39;49m[43mserver_hostname[49m[43m,[49m
[1;32m    519[0m [43m        [49m[43mcontext[49m[38;5;241;43m=[39;49m[38;5;28;43mself[39;49m[43m,[49m
[1;32m    520[0m [43m        [49m[43msession[49m[38;5;241;43m=[39;49m[43msession[49m
[1;32m    521[0m [43m    [49m[43m)[49m

File [0;32m~/miniconda3/envs/instrument-cookbooks-dev/lib/python3.10/ssl.py:1104[0m, in [0;36mSSLSocket._create[0;34m(cls, sock, server_side, do_handshake_on_connect, suppress_ragged_eofs, server_hostname, context, session)[0m
[1;32m   1103[0m             [38;5;28;01mraise[39;00m [38;5;167;01mValueError[39;00m([38;5;124m"[39m[38;5;124mdo_handshake_on_connect should not be specified for non-blocking sockets[39m[38;5;124m"[39m)
[0;32m-> 1104[0m         [38;5;28;43mself[39;49m[38;5;241;43m.[39;49m[43mdo_handshake[49m[43m([49m[43m)[49m
[1;32m   1105[0m [38;5;28;01mexcept[39;00m ([38;5;167;01mOSError[39;00m, [38;5;167;01mValueError[39;00m):

File [0;32m~/miniconda3/envs/instrument-cookbooks-dev/lib/python3.10/ssl.py:1375[0m, in [0;36mSSLSocket.do_handshake[0;34m(self, block)[0m
[1;32m   1374[0m         [38;5;28mself[39m[38;5;241m.[39msettimeout([38;5;28;01mNone[39;00m)
[0;32m-> 1375[0m     [38;5;28;43mself[39;49m[38;5;241;43m.[39;49m[43m_sslobj[49m[38;5;241;43m.[39;49m[43mdo_handshake[49m[43m([49m[43m)[49m
[1;32m   1376[0m [38;5;28;01mfinally[39;00m:

[0;31mSSLError[0m: [SSL: CERTIFICATE_VERIFY_FAILED] certificate verify failed (_ssl.c:1007)

During handling of the above exception, another exception occurred:

[0;31mURLError[0m                                  Traceback (most recent call last)
Cell [0;32mIn[1], line 75[0m
[1;32m     71[0m     [38;5;28;01mreturn[39;00m xr[38;5;241m.[39mmerge([generate_data_array(reindexed, variable) [38;5;28;01mfor[39;00m variable [38;5;129;01min[39;00m variables])
[1;32m     74[0m [38;5;66;03m# Query and load for n numbder of days[39;00m
[0;32m---> 75[0m wxt_df [38;5;241m=[39m [43msage_data_client[49m[38;5;241;43m.[39;49m[43mquery[49m[43m([49m
[1;32m     76[0m [43m    [49m[43mstart[49m[38;5;241;43m=[39;49m[43mstart[49m[43m,[49m
[1;32m     77[0m [43m    [49m[43mend[49m[38;5;241;43m=[39;49m[43mend[49m[43m,[49m
[1;32m     78[0m [43m    [49m[38;5;28;43mfilter[39;49m[38;5;241;43m=[39;49m[43m{[49m
[1;32m     79[0m [43m        [49m[38;5;124;43m"[39;49m[38;5;124;43msensor[39;49m[38;5;124;43m"[39;49m[43m:[49m[43m [49m[38;5;124;43m"[39;49m[38;5;124;43mvaisala-wxt536[39;49m[38;5;124;43m"[39;49m[43m,[49m
[1;32m     80[0m [43m        [49m[38;5;124;43m"[39;49m[38;5;124;43mname[39;49m[38;5;124;43m"[39;49m[43m:[49m[43m [49m[38;5;124;43m"[39;49m[38;5;124;43mwxt.env.*[39;49m[38;5;124;43m"[39;49m
[1;32m     81[0m [43m    [49m[43m}[49m
[1;32m     82[0m [43m)[49m
[1;32m     84[0m wxt_df1 [38;5;241m=[39m sage_data_client[38;5;241m.[39mquery(
[1;32m     85[0m     start[38;5;241m=[39mstart,
[1;32m     86[0m     end[38;5;241m=[39mend,
[0;32m   (...)[0m
[1;32m     90[0m     }
[1;32m     91[0m )
[1;32m     93[0m [38;5;66;03m# Use local Chicago times[39;00m

File [0;32m~/miniconda3/envs/instrument-cookbooks-dev/lib/python3.10/site-packages/sage_data_client/query.py:107[0m, in [0;36mquery[0;34m(start, end, head, tail, experimental_func, bucket, filter, endpoint)[0m
[1;32m    104[0m headers [38;5;241m=[39m {[38;5;124m"[39m[38;5;124mAccept-Encoding[39m[38;5;124m"[39m: [38;5;124m"[39m[38;5;124mgzip[39m[38;5;124m"[39m}
[1;32m    105[0m req [38;5;241m=[39m Request(endpoint, data, headers[38;5;241m=[39mheaders)
[0;32m--> 107[0m [38;5;28;01mwith[39;00m [43murlopen[49m[43m([49m[43mreq[49m[43m)[49m [38;5;28;01mas[39;00m f:
[1;32m    108[0m     content_encoding [38;5;241m=[39m f[38;5;241m.[39mheaders[38;5;241m.[39mget([38;5;124m"[39m[38;5;124mContent-Encoding[39m[38;5;124m"[39m, [38;5;124m"[39m[38;5;124m"[39m)
[1;32m    109[0m     [38;5;28;01mif[39;00m [38;5;124m"[39m[38;5;124mgzip[39m[38;5;124m"[39m [38;5;129;01min[39;00m content_encoding:

File [0;32m~/miniconda3/envs/instrument-cookbooks-dev/lib/python3.10/urllib/request.py:216[0m, in [0;36murlopen[0;34m(url, data, timeout, cafile, capath, cadefault, context)[0m
[1;32m    214[0m [38;5;28;01melse[39;00m:
[1;32m    215[0m     opener [38;5;241m=[39m _opener
[0;32m--> 216[0m [38;5;28;01mreturn[39;00m [43mopener[49m[38;5;241;43m.[39;49m[43mopen[49m[43m([49m[43murl[49m[43m,[49m[43m [49m[43mdata[49m[43m,[49m[43m [49m[43mtimeout[49m[43m)[49m

File [0;32m~/miniconda3/envs/instrument-cookbooks-dev/lib/python3.10/urllib/request.py:519[0m, in [0;36mOpenerDirector.open[0;34m(self, fullurl, data, timeout)[0m
[1;32m    516[0m     req [38;5;241m=[39m meth(req)
[1;32m    518[0m sys[38;5;241m.[39maudit([38;5;124m'[39m[38;5;124murllib.Request[39m[38;5;124m'[39m, req[38;5;241m.[39mfull_url, req[38;5;241m.[39mdata, req[38;5;241m.[39mheaders, req[38;5;241m.[39mget_method())
[0;32m--> 519[0m response [38;5;241m=[39m [38;5;28;43mself[39;49m[38;5;241;43m.[39;49m[43m_open[49m[43m([49m[43mreq[49m[43m,[49m[43m [49m[43mdata[49m[43m)[49m
[1;32m    521[0m [38;5;66;03m# post-process response[39;00m
[1;32m    522[0m meth_name [38;5;241m=[39m protocol[38;5;241m+[39m[38;5;124m"[39m[38;5;124m_response[39m[38;5;124m"[39m

File [0;32m~/miniconda3/envs/instrument-cookbooks-dev/lib/python3.10/urllib/request.py:536[0m, in [0;36mOpenerDirector._open[0;34m(self, req, data)[0m
[1;32m    533[0m     [38;5;28;01mreturn[39;00m result
[1;32m    535[0m protocol [38;5;241m=[39m req[38;5;241m.[39mtype
[0;32m--> 536[0m result [38;5;241m=[39m [38;5;28;43mself[39;49m[38;5;241;43m.[39;49m[43m_call_chain[49m[43m([49m[38;5;28;43mself[39;49m[38;5;241;43m.[39;49m[43mhandle_open[49m[43m,[49m[43m [49m[43mprotocol[49m[43m,[49m[43m [49m[43mprotocol[49m[43m [49m[38;5;241;43m+[39;49m
[1;32m    537[0m [43m                          [49m[38;5;124;43m'[39;49m[38;5;124;43m_open[39;49m[38;5;124;43m'[39;49m[43m,[49m[43m [49m[43mreq[49m[43m)[49m
[1;32m    538[0m [38;5;28;01mif[39;00m result:
[1;32m    539[0m     [38;5;28;01mreturn[39;00m result

File [0;32m~/miniconda3/envs/instrument-cookbooks-dev/lib/python3.10/urllib/request.py:496[0m, in [0;36mOpenerDirector._call_chain[0;34m(self, chain, kind, meth_name, *args)[0m
[1;32m    494[0m [38;5;28;01mfor[39;00m handler [38;5;129;01min[39;00m handlers:
[1;32m    495[0m     func [38;5;241m=[39m [38;5;28mgetattr[39m(handler, meth_name)
[0;32m--> 496[0m     result [38;5;241m=[39m [43mfunc[49m[43m([49m[38;5;241;43m*[39;49m[43margs[49m[43m)[49m
[1;32m    497[0m     [38;5;28;01mif[39;00m result [38;5;129;01mis[39;00m [38;5;129;01mnot[39;00m [38;5;28;01mNone[39;00m:
[1;32m    498[0m         [38;5;28;01mreturn[39;00m result

File [0;32m~/miniconda3/envs/instrument-cookbooks-dev/lib/python3.10/urllib/request.py:1391[0m, in [0;36mHTTPSHandler.https_open[0;34m(self, req)[0m
[1;32m   1390[0m [38;5;28;01mdef[39;00m [38;5;21mhttps_open[39m([38;5;28mself[39m, req):
[0;32m-> 1391[0m     [38;5;28;01mreturn[39;00m [38;5;28;43mself[39;49m[38;5;241;43m.[39;49m[43mdo_open[49m[43m([49m[43mhttp[49m[38;5;241;43m.[39;49m[43mclient[49m[38;5;241;43m.[39;49m[43mHTTPSConnection[49m[43m,[49m[43m [49m[43mreq[49m[43m,[49m
[1;32m   1392[0m [43m        [49m[43mcontext[49m[38;5;241;43m=[39;49m[38;5;28;43mself[39;49m[38;5;241;43m.[39;49m[43m_context[49m[43m,[49m[43m [49m[43mcheck_hostname[49m[38;5;241;43m=[39;49m[38;5;28;43mself[39;49m[38;5;241;43m.[39;49m[43m_check_hostname[49m[43m)[49m

File [0;32m~/miniconda3/envs/instrument-cookbooks-dev/lib/python3.10/urllib/request.py:1351[0m, in [0;36mAbstractHTTPHandler.do_open[0;34m(self, http_class, req, **http_conn_args)[0m
[1;32m   1348[0m         h[38;5;241m.[39mrequest(req[38;5;241m.[39mget_method(), req[38;5;241m.[39mselector, req[38;5;241m.[39mdata, headers,
[1;32m   1349[0m                   encode_chunked[38;5;241m=[39mreq[38;5;241m.[39mhas_header([38;5;124m'[39m[38;5;124mTransfer-encoding[39m[38;5;124m'[39m))
[1;32m   1350[0m     [38;5;28;01mexcept[39;00m [38;5;167;01mOSError[39;00m [38;5;28;01mas[39;00m err: [38;5;66;03m# timeout error[39;00m
[0;32m-> 1351[0m         [38;5;28;01mraise[39;00m URLError(err)
[1;32m   1352[0m     r [38;5;241m=[39m h[38;5;241m.[39mgetresponse()
[1;32m   1353[0m [38;5;28;01mexcept[39;00m:

[0;31mURLError[0m: <urlopen error [SSL: CERTIFICATE_VERIFY_FAILED] certificate verify failed (_ssl.c:1007)>

