Traceback (most recent call last):
  File "/opt/hostedtoolcache/Python/3.9.16/x64/lib/python3.9/site-packages/jupyter_cache/executors/utils.py", line 58, in single_nb_execution
    executenb(
  File "/opt/hostedtoolcache/Python/3.9.16/x64/lib/python3.9/site-packages/nbclient/client.py", line 1305, in execute
    return NotebookClient(nb=nb, resources=resources, km=km, **kwargs).execute()
  File "/opt/hostedtoolcache/Python/3.9.16/x64/lib/python3.9/site-packages/jupyter_core/utils/__init__.py", line 166, in wrapped
    return loop.run_until_complete(inner)
  File "/opt/hostedtoolcache/Python/3.9.16/x64/lib/python3.9/asyncio/base_events.py", line 647, in run_until_complete
    return future.result()
  File "/opt/hostedtoolcache/Python/3.9.16/x64/lib/python3.9/site-packages/nbclient/client.py", line 705, in async_execute
    await self.async_execute_cell(
  File "/opt/hostedtoolcache/Python/3.9.16/x64/lib/python3.9/site-packages/nbclient/client.py", line 1058, in async_execute_cell
    await self._check_raise_for_error(cell, cell_index, exec_reply)
  File "/opt/hostedtoolcache/Python/3.9.16/x64/lib/python3.9/site-packages/nbclient/client.py", line 914, in _check_raise_for_error
    raise CellExecutionError.from_cell_and_msg(cell, exec_reply_content)
nbclient.exceptions.CellExecutionError: An error occurred while executing the following cell:
------------------
import sage_data_client
from bokeh.models.formatters import DatetimeTickFormatter
import hvplot.pandas
import hvplot.xarray
import holoviews as hv
import cartopy.crs as ccrs
import cartopy.feature as cfeature
import xarray as xr
import matplotlib.pyplot as plt
from metpy.plots import USCOUNTIES
import act
import numpy as np
import pandas as pd
import warnings
from bokeh.models import DatetimeTickFormatter

def apply_formatter(plot, element):
    plot.handles['xaxis'].formatter = DatetimeTickFormatter(hours='%m/%d/%Y \n %H:%M',
                                                            minutes='%m/%d/%Y \n %H:%M',
                                                            hourmin='%m/%d/%Y \n %H:%M',
                                                            days='%m/%d/%Y \n %H:%M',
                                                            months='%m/%d/%Y \n %H:%M')
xr.set_options(keep_attrs=True)
warnings.filterwarnings("ignore")
hv.extension("bokeh")
------------------


[0;31m---------------------------------------------------------------------------[0m
[0;31mModuleNotFoundError[0m                       Traceback (most recent call last)
Cell [0;32mIn[1], line 1[0m
[0;32m----> 1[0m [38;5;28;01mimport[39;00m [38;5;21;01msage_data_client[39;00m
[1;32m      2[0m [38;5;28;01mfrom[39;00m [38;5;21;01mbokeh[39;00m[38;5;21;01m.[39;00m[38;5;21;01mmodels[39;00m[38;5;21;01m.[39;00m[38;5;21;01mformatters[39;00m [38;5;28;01mimport[39;00m DatetimeTickFormatter
[1;32m      3[0m [38;5;28;01mimport[39;00m [38;5;21;01mhvplot[39;00m[38;5;21;01m.[39;00m[38;5;21;01mpandas[39;00m

[0;31mModuleNotFoundError[0m: No module named 'sage_data_client'

