Traceback (most recent call last):
  File "/usr/share/miniconda3/envs/instrument-cookbooks-dev/lib/python3.10/site-packages/jupyter_cache/executors/utils.py", line 58, in single_nb_execution
    executenb(
  File "/usr/share/miniconda3/envs/instrument-cookbooks-dev/lib/python3.10/site-packages/nbclient/client.py", line 1305, in execute
    return NotebookClient(nb=nb, resources=resources, km=km, **kwargs).execute()
  File "/usr/share/miniconda3/envs/instrument-cookbooks-dev/lib/python3.10/site-packages/jupyter_core/utils/__init__.py", line 166, in wrapped
    return loop.run_until_complete(inner)
  File "/usr/share/miniconda3/envs/instrument-cookbooks-dev/lib/python3.10/asyncio/base_events.py", line 649, in run_until_complete
    return future.result()
  File "/usr/share/miniconda3/envs/instrument-cookbooks-dev/lib/python3.10/site-packages/nbclient/client.py", line 705, in async_execute
    await self.async_execute_cell(
  File "/usr/share/miniconda3/envs/instrument-cookbooks-dev/lib/python3.10/site-packages/nbclient/client.py", line 1058, in async_execute_cell
    await self._check_raise_for_error(cell, cell_index, exec_reply)
  File "/usr/share/miniconda3/envs/instrument-cookbooks-dev/lib/python3.10/site-packages/nbclient/client.py", line 914, in _check_raise_for_error
    raise CellExecutionError.from_cell_and_msg(cell, exec_reply_content)
nbclient.exceptions.CellExecutionError: An error occurred while executing the following cell:
------------------
files = sorted(glob.glob('../../data/surface-meteorology/*/*/*/*.nc'))

ds = xr.open_mfdataset(files[-60:])
------------------

----- stderr -----
Matplotlib is building the font cache; this may take a moment.
------------------

[0;31m---------------------------------------------------------------------------[0m
[0;31mMergeError[0m                                Traceback (most recent call last)
Cell [0;32mIn[3], line 3[0m
[1;32m      1[0m files [38;5;241m=[39m [38;5;28msorted[39m(glob[38;5;241m.[39mglob([38;5;124m'[39m[38;5;124m../../data/surface-meteorology/*/*/*/*.nc[39m[38;5;124m'[39m))
[0;32m----> 3[0m ds [38;5;241m=[39m [43mxr[49m[38;5;241;43m.[39;49m[43mopen_mfdataset[49m[43m([49m[43mfiles[49m[43m[[49m[38;5;241;43m-[39;49m[38;5;241;43m60[39;49m[43m:[49m[43m][49m[43m)[49m

File [0;32m/usr/share/miniconda3/envs/instrument-cookbooks-dev/lib/python3.10/site-packages/xarray/backends/api.py:1066[0m, in [0;36mopen_mfdataset[0;34m(paths, chunks, concat_dim, compat, preprocess, engine, data_vars, coords, combine, parallel, join, attrs_file, combine_attrs, **kwargs)[0m
[1;32m   1053[0m     combined [38;5;241m=[39m _nested_combine(
[1;32m   1054[0m         datasets,
[1;32m   1055[0m         concat_dims[38;5;241m=[39mconcat_dim,
[0;32m   (...)[0m
[1;32m   1061[0m         combine_attrs[38;5;241m=[39mcombine_attrs,
[1;32m   1062[0m     )
[1;32m   1063[0m [38;5;28;01melif[39;00m combine [38;5;241m==[39m [38;5;124m"[39m[38;5;124mby_coords[39m[38;5;124m"[39m:
[1;32m   1064[0m     [38;5;66;03m# Redo ordering from coordinates, ignoring how they were ordered[39;00m
[1;32m   1065[0m     [38;5;66;03m# previously[39;00m
[0;32m-> 1066[0m     combined [38;5;241m=[39m [43mcombine_by_coords[49m[43m([49m
[1;32m   1067[0m [43m        [49m[43mdatasets[49m[43m,[49m
[1;32m   1068[0m [43m        [49m[43mcompat[49m[38;5;241;43m=[39;49m[43mcompat[49m[43m,[49m
[1;32m   1069[0m [43m        [49m[43mdata_vars[49m[38;5;241;43m=[39;49m[43mdata_vars[49m[43m,[49m
[1;32m   1070[0m [43m        [49m[43mcoords[49m[38;5;241;43m=[39;49m[43mcoords[49m[43m,[49m
[1;32m   1071[0m [43m        [49m[43mjoin[49m[38;5;241;43m=[39;49m[43mjoin[49m[43m,[49m
[1;32m   1072[0m [43m        [49m[43mcombine_attrs[49m[38;5;241;43m=[39;49m[43mcombine_attrs[49m[43m,[49m
[1;32m   1073[0m [43m    [49m[43m)[49m
[1;32m   1074[0m [38;5;28;01melse[39;00m:
[1;32m   1075[0m     [38;5;28;01mraise[39;00m [38;5;167;01mValueError[39;00m(
[1;32m   1076[0m         [38;5;124m"[39m[38;5;132;01m{}[39;00m[38;5;124m is an invalid option for the keyword argument[39m[38;5;124m"[39m
[1;32m   1077[0m         [38;5;124m"[39m[38;5;124m ``combine``[39m[38;5;124m"[39m[38;5;241m.[39mformat(combine)
[1;32m   1078[0m     )

File [0;32m/usr/share/miniconda3/envs/instrument-cookbooks-dev/lib/python3.10/site-packages/xarray/core/combine.py:986[0m, in [0;36mcombine_by_coords[0;34m(data_objects, compat, data_vars, coords, fill_value, join, combine_attrs, datasets)[0m
[1;32m    971[0m     [38;5;66;03m# Perform the multidimensional combine on each group of data variables[39;00m
[1;32m    972[0m     [38;5;66;03m# before merging back together[39;00m
[1;32m    973[0m     concatenated_grouped_by_data_vars [38;5;241m=[39m [38;5;28mtuple[39m(
[1;32m    974[0m         _combine_single_variable_hypercube(
[1;32m    975[0m             [38;5;28mtuple[39m(datasets_with_same_vars),
[0;32m   (...)[0m
[1;32m    983[0m         [38;5;28;01mfor[39;00m [38;5;28mvars[39m, datasets_with_same_vars [38;5;129;01min[39;00m grouped_by_vars
[1;32m    984[0m     )
[0;32m--> 986[0m [38;5;28;01mreturn[39;00m [43mmerge[49m[43m([49m
[1;32m    987[0m [43m    [49m[43mconcatenated_grouped_by_data_vars[49m[43m,[49m
[1;32m    988[0m [43m    [49m[43mcompat[49m[38;5;241;43m=[39;49m[43mcompat[49m[43m,[49m
[1;32m    989[0m [43m    [49m[43mfill_value[49m[38;5;241;43m=[39;49m[43mfill_value[49m[43m,[49m
[1;32m    990[0m [43m    [49m[43mjoin[49m[38;5;241;43m=[39;49m[43mjoin[49m[43m,[49m
[1;32m    991[0m [43m    [49m[43mcombine_attrs[49m[38;5;241;43m=[39;49m[43mcombine_attrs[49m[43m,[49m
[1;32m    992[0m [43m[49m[43m)[49m

File [0;32m/usr/share/miniconda3/envs/instrument-cookbooks-dev/lib/python3.10/site-packages/xarray/core/merge.py:1025[0m, in [0;36mmerge[0;34m(objects, compat, join, fill_value, combine_attrs)[0m
[1;32m   1022[0m     obj [38;5;241m=[39m obj[38;5;241m.[39mto_dataset(promote_attrs[38;5;241m=[39m[38;5;28;01mTrue[39;00m) [38;5;28;01mif[39;00m [38;5;28misinstance[39m(obj, DataArray) [38;5;28;01melse[39;00m obj
[1;32m   1023[0m     dict_like_objects[38;5;241m.[39mappend(obj)
[0;32m-> 1025[0m merge_result [38;5;241m=[39m [43mmerge_core[49m[43m([49m
[1;32m   1026[0m [43m    [49m[43mdict_like_objects[49m[43m,[49m
[1;32m   1027[0m [43m    [49m[43mcompat[49m[43m,[49m
[1;32m   1028[0m [43m    [49m[43mjoin[49m[43m,[49m
[1;32m   1029[0m [43m    [49m[43mcombine_attrs[49m[38;5;241;43m=[39;49m[43mcombine_attrs[49m[43m,[49m
[1;32m   1030[0m [43m    [49m[43mfill_value[49m[38;5;241;43m=[39;49m[43mfill_value[49m[43m,[49m
[1;32m   1031[0m [43m[49m[43m)[49m
[1;32m   1032[0m [38;5;28;01mreturn[39;00m Dataset[38;5;241m.[39m_construct_direct([38;5;241m*[39m[38;5;241m*[39mmerge_result[38;5;241m.[39m_asdict())

File [0;32m/usr/share/miniconda3/envs/instrument-cookbooks-dev/lib/python3.10/site-packages/xarray/core/merge.py:757[0m, in [0;36mmerge_core[0;34m(objects, compat, join, combine_attrs, priority_arg, explicit_coords, indexes, fill_value)[0m
[1;32m    755[0m collected [38;5;241m=[39m collect_variables_and_indexes(aligned, indexes[38;5;241m=[39mindexes)
[1;32m    756[0m prioritized [38;5;241m=[39m _get_priority_vars_and_indexes(aligned, priority_arg, compat[38;5;241m=[39mcompat)
[0;32m--> 757[0m variables, out_indexes [38;5;241m=[39m [43mmerge_collected[49m[43m([49m
[1;32m    758[0m [43m    [49m[43mcollected[49m[43m,[49m[43m [49m[43mprioritized[49m[43m,[49m[43m [49m[43mcompat[49m[38;5;241;43m=[39;49m[43mcompat[49m[43m,[49m[43m [49m[43mcombine_attrs[49m[38;5;241;43m=[39;49m[43mcombine_attrs[49m
[1;32m    759[0m [43m[49m[43m)[49m
[1;32m    761[0m dims [38;5;241m=[39m calculate_dimensions(variables)
[1;32m    763[0m coord_names, noncoord_names [38;5;241m=[39m determine_coords(coerced)

File [0;32m/usr/share/miniconda3/envs/instrument-cookbooks-dev/lib/python3.10/site-packages/xarray/core/merge.py:291[0m, in [0;36mmerge_collected[0;34m(grouped, prioritized, compat, combine_attrs, equals)[0m
[1;32m    289[0m variables [38;5;241m=[39m [variable [38;5;28;01mfor[39;00m variable, _ [38;5;129;01min[39;00m elements_list]
[1;32m    290[0m [38;5;28;01mtry[39;00m:
[0;32m--> 291[0m     merged_vars[name] [38;5;241m=[39m [43munique_variable[49m[43m([49m
[1;32m    292[0m [43m        [49m[43mname[49m[43m,[49m[43m [49m[43mvariables[49m[43m,[49m[43m [49m[43mcompat[49m[43m,[49m[43m [49m[43mequals[49m[38;5;241;43m.[39;49m[43mget[49m[43m([49m[43mname[49m[43m,[49m[43m [49m[38;5;28;43;01mNone[39;49;00m[43m)[49m
[1;32m    293[0m [43m    [49m[43m)[49m
[1;32m    294[0m [38;5;28;01mexcept[39;00m MergeError:
[1;32m    295[0m     [38;5;28;01mif[39;00m compat [38;5;241m!=[39m [38;5;124m"[39m[38;5;124mminimal[39m[38;5;124m"[39m:
[1;32m    296[0m         [38;5;66;03m# we need more than "minimal" compatibility (for which[39;00m
[1;32m    297[0m         [38;5;66;03m# we drop conflicting coordinates)[39;00m

File [0;32m/usr/share/miniconda3/envs/instrument-cookbooks-dev/lib/python3.10/site-packages/xarray/core/merge.py:145[0m, in [0;36munique_variable[0;34m(name, variables, compat, equals)[0m
[1;32m    142[0m                 [38;5;28;01mbreak[39;00m
[1;32m    144[0m [38;5;28;01mif[39;00m [38;5;129;01mnot[39;00m equals:
[0;32m--> 145[0m     [38;5;28;01mraise[39;00m MergeError(
[1;32m    146[0m         [38;5;124mf[39m[38;5;124m"[39m[38;5;124mconflicting values for variable [39m[38;5;132;01m{[39;00mname[38;5;132;01m!r}[39;00m[38;5;124m on objects to be combined. [39m[38;5;124m"[39m
[1;32m    147[0m         [38;5;124m"[39m[38;5;124mYou can skip this check by specifying compat=[39m[38;5;124m'[39m[38;5;124moverride[39m[38;5;124m'[39m[38;5;124m.[39m[38;5;124m"[39m
[1;32m    148[0m     )
[1;32m    150[0m [38;5;28;01mif[39;00m combine_method:
[1;32m    151[0m     [38;5;28;01mfor[39;00m var [38;5;129;01min[39;00m variables[[38;5;241m1[39m:]:

[0;31mMergeError[0m: conflicting values for variable 'latitude' on objects to be combined. You can skip this check by specifying compat='override'.

