Traceback (most recent call last):
  File "/opt/hostedtoolcache/Python/3.9.16/x64/lib/python3.9/site-packages/jupyter_cache/executors/utils.py", line 58, in single_nb_execution
    executenb(
  File "/opt/hostedtoolcache/Python/3.9.16/x64/lib/python3.9/site-packages/nbclient/client.py", line 1305, in execute
    return NotebookClient(nb=nb, resources=resources, km=km, **kwargs).execute()
  File "/opt/hostedtoolcache/Python/3.9.16/x64/lib/python3.9/site-packages/jupyter_core/utils/__init__.py", line 166, in wrapped
    return loop.run_until_complete(inner)
  File "/opt/hostedtoolcache/Python/3.9.16/x64/lib/python3.9/asyncio/base_events.py", line 647, in run_until_complete
    return future.result()
  File "/opt/hostedtoolcache/Python/3.9.16/x64/lib/python3.9/site-packages/nbclient/client.py", line 705, in async_execute
    await self.async_execute_cell(
  File "/opt/hostedtoolcache/Python/3.9.16/x64/lib/python3.9/site-packages/nbclient/client.py", line 1058, in async_execute_cell
    await self._check_raise_for_error(cell, cell_index, exec_reply)
  File "/opt/hostedtoolcache/Python/3.9.16/x64/lib/python3.9/site-packages/nbclient/client.py", line 914, in _check_raise_for_error
    raise CellExecutionError.from_cell_and_msg(cell, exec_reply_content)
nbclient.exceptions.CellExecutionError: An error occurred while executing the following cell:
------------------
import act
import glob
import matplotlib.pyplot as plt
import matplotlib

files = glob.glob('../../data/ceilometer/sgp*')

ds = act.io.read_netcdf(files)

# apply range correction
ds = act.corrections.correct_ceil(ds)

ds.attrs['datastream'] = 'ceilometer.b1'

# variables=['p_pol', 'x_pol', 'linear_depol_ratio']

variables = ['backscatter', 'first_cbh']

for variable in variables:
    display = act.plotting.TimeSeriesDisplay(ds, figsize=(8,4))
    if variable == 'backscatter':
        display.plot(variable,
                     cmap='rainbow',
                     vmin=0,
                     vmax=4,
                     y_rng=(0, ds.range.max().values))
    else:
        display.plot(variable,
                     cmap='rainbow',
                     y_rng=(0, ds.range.max().values))

    plt.show()
    plt.close()
------------------


[0;31m---------------------------------------------------------------------------[0m
[0;31mModuleNotFoundError[0m                       Traceback (most recent call last)
Cell [0;32mIn[1], line 1[0m
[0;32m----> 1[0m [38;5;28;01mimport[39;00m [38;5;21;01mact[39;00m
[1;32m      2[0m [38;5;28;01mimport[39;00m [38;5;21;01mglob[39;00m
[1;32m      3[0m [38;5;28;01mimport[39;00m [38;5;21;01mmatplotlib[39;00m[38;5;21;01m.[39;00m[38;5;21;01mpyplot[39;00m [38;5;28;01mas[39;00m [38;5;21;01mplt[39;00m

[0;31mModuleNotFoundError[0m: No module named 'act'

