Traceback (most recent call last):
  File "/opt/hostedtoolcache/Python/3.9.16/x64/lib/python3.9/site-packages/jupyter_cache/executors/utils.py", line 58, in single_nb_execution
    executenb(
  File "/opt/hostedtoolcache/Python/3.9.16/x64/lib/python3.9/site-packages/nbclient/client.py", line 1305, in execute
    return NotebookClient(nb=nb, resources=resources, km=km, **kwargs).execute()
  File "/opt/hostedtoolcache/Python/3.9.16/x64/lib/python3.9/site-packages/jupyter_core/utils/__init__.py", line 166, in wrapped
    return loop.run_until_complete(inner)
  File "/opt/hostedtoolcache/Python/3.9.16/x64/lib/python3.9/asyncio/base_events.py", line 647, in run_until_complete
    return future.result()
  File "/opt/hostedtoolcache/Python/3.9.16/x64/lib/python3.9/site-packages/nbclient/client.py", line 705, in async_execute
    await self.async_execute_cell(
  File "/opt/hostedtoolcache/Python/3.9.16/x64/lib/python3.9/site-packages/nbclient/client.py", line 1058, in async_execute_cell
    await self._check_raise_for_error(cell, cell_index, exec_reply)
  File "/opt/hostedtoolcache/Python/3.9.16/x64/lib/python3.9/site-packages/nbclient/client.py", line 914, in _check_raise_for_error
    raise CellExecutionError.from_cell_and_msg(cell, exec_reply_content)
nbclient.exceptions.CellExecutionError: An error occurred while executing the following cell:
------------------
import sage_data_client
from bokeh.models.formatters import DatetimeTickFormatter
import hvplot.pandas
import hvplot.xarray
import holoviews as hv
import cartopy.crs as ccrs
import cartopy.feature as cfeature
import xarray as xr
import matplotlib.pyplot as plt
from metpy.plots import USCOUNTIES
import metpy.calc as mpcalc
import act
import numpy as np
import pandas as pd
import warnings
from bokeh.models import DatetimeTickFormatter

def apply_formatter(plot, element):
    plot.handles['xaxis'].formatter = DatetimeTickFormatter(hours='%m/%d/%Y \n %H:%M',
                                                            minutes='%m/%d/%Y \n %H:%M',
                                                            hourmin='%m/%d/%Y \n %H:%M',
                                                            days='%m/%d/%Y \n %H:%M',
                                                            months='%m/%d/%Y \n %H:%M')
xr.set_options(keep_attrs=True)
warnings.filterwarnings("ignore")
hv.extension("bokeh")



# Dictionary for renaming to standard names
variable_rename_dict = {'wxt.env.humidity':'relative_humidity',
                        'wxt.env.pressure':'air_pressure',
                        'wxt.env.temp':'air_temperature',
                        'wxt.heater.temp':'heater_temperature',
                        'wxt.heater.volt':'heater_voltage',
                        'wxt.rain.accumulation':'rain_accumulation',
                        'wxt.wind.direction':'wind_direction',
                        'wxt.wind.speed':'wind_speed',
                        'sys.gps.lat':'latitude',
                        'sys.gps.lon':'longitude',
                    }

# Dictionary for units that are missing
units_dict = {'wxt.env.temp': 'degC',
              'wxt.env.pressure':'hPa',
              'wxt.env.humidity':'percent',
              'wxt.wind.speed':'m/s',
              'wxt.wind.direction':'degrees'}

def generate_data_array(df, variable, rename_variable_dict=variable_rename_dict):
    new_variable_name = rename_variable_dict[variable]
    df_variable= df.loc[df.name == variable]
    ds = df_variable.to_xarray().rename({'value':new_variable_name,
                                         'timestamp':'time',
                                         'meta.vsn':'node'})
    ds[new_variable_name].attrs['units'] = df_variable['meta.units'].values[0]
    ds['time'] = pd.to_datetime(ds.time)
    ds.attrs['datastream'] = ds.node.values[0]
    return ds[[new_variable_name]]

def generate_dataset(df, variables, rename_variable_dict=variable_rename_dict):
    reindexed = df.set_index(['meta.vsn', 'timestamp'])
    return xr.merge([generate_data_array(reindexed, variable) for variable in variables])


# Query and load for n numbder of days
wxt_df = sage_data_client.query(
    start="-5d",
    filter={
        "sensor": "vaisala-wxt536",
        "name": "wxt.env.*"
    }
)

wxt_df1 = sage_data_client.query(
    start="-5d",
    filter={
        "sensor": "vaisala-wxt536",
        "name": "wxt.wind.*"
    }
)

wxt_df = pd.concat([wxt_df, wxt_df1])

# Discover what variables we have and what to load into xarray
wxt_variables = wxt_df.name.unique()
wxt_df['meta.units'] = wxt_df.name.map(units_dict)
wxt_ds = generate_dataset(wxt_df, wxt_variables).squeeze().metpy.parse_cf()
wxt_ds['air_dewpoint_temperature'] = mpcalc.dewpoint_from_relative_humidity(wxt_ds.air_temperature, wxt_ds.relative_humidity)

# Resample to 1 minute freqency
minute_ds = wxt_ds.resample(time='1T').mean()

plots = []
temp_plot = wxt_ds.air_temperature.hvplot(color='red',
                                          label='Air Temperature (degC)')
dewp_plot = wxt_ds.air_dewpoint_temperature.hvplot(color='green',
                                                   label='Dewpoint Temperature (degC)')
plots.append((temp_plot * dewp_plot).opts(hooks=[apply_formatter]))
meteogram_variables = ['wind_speed', 'wind_direction']
for variable in meteogram_variables:
    plots.append((wxt_ds[variable].hvplot.line(label='10 Hz Data') * 
                 minute_ds[variable].hvplot.line(label='1 Minute Data')).opts(hooks=[apply_formatter]))
------------------


[0;31m---------------------------------------------------------------------------[0m
[0;31mModuleNotFoundError[0m                       Traceback (most recent call last)
Cell [0;32mIn[1], line 1[0m
[0;32m----> 1[0m [38;5;28;01mimport[39;00m [38;5;21;01msage_data_client[39;00m
[1;32m      2[0m [38;5;28;01mfrom[39;00m [38;5;21;01mbokeh[39;00m[38;5;21;01m.[39;00m[38;5;21;01mmodels[39;00m[38;5;21;01m.[39;00m[38;5;21;01mformatters[39;00m [38;5;28;01mimport[39;00m DatetimeTickFormatter
[1;32m      3[0m [38;5;28;01mimport[39;00m [38;5;21;01mhvplot[39;00m[38;5;21;01m.[39;00m[38;5;21;01mpandas[39;00m

[0;31mModuleNotFoundError[0m: No module named 'sage_data_client'

