Traceback (most recent call last):
  File "/home/runner/miniconda3/envs/instrument-cookbooks-dev/lib/python3.10/site-packages/jupyter_cache/executors/utils.py", line 58, in single_nb_execution
    executenb(
  File "/home/runner/miniconda3/envs/instrument-cookbooks-dev/lib/python3.10/site-packages/nbclient/client.py", line 1314, in execute
    return NotebookClient(nb=nb, resources=resources, km=km, **kwargs).execute()
  File "/home/runner/miniconda3/envs/instrument-cookbooks-dev/lib/python3.10/site-packages/jupyter_core/utils/__init__.py", line 165, in wrapped
    return loop.run_until_complete(inner)
  File "/home/runner/miniconda3/envs/instrument-cookbooks-dev/lib/python3.10/asyncio/base_events.py", line 649, in run_until_complete
    return future.result()
  File "/home/runner/miniconda3/envs/instrument-cookbooks-dev/lib/python3.10/site-packages/nbclient/client.py", line 709, in async_execute
    await self.async_execute_cell(
  File "/home/runner/miniconda3/envs/instrument-cookbooks-dev/lib/python3.10/site-packages/nbclient/client.py", line 1062, in async_execute_cell
    await self._check_raise_for_error(cell, cell_index, exec_reply)
  File "/home/runner/miniconda3/envs/instrument-cookbooks-dev/lib/python3.10/site-packages/nbclient/client.py", line 918, in _check_raise_for_error
    raise CellExecutionError.from_cell_and_msg(cell, exec_reply_content)
nbclient.exceptions.CellExecutionError: An error occurred while executing the following cell:
------------------
df_temp.to_parquet('wxt536_W08D_ambient_temp.parquet',
                   use_deprecated_int96_timestamps=True)
------------------


[0;31m---------------------------------------------------------------------------[0m
[0;31mImportError[0m                               Traceback (most recent call last)
Cell [0;32mIn[20], line 1[0m
[0;32m----> 1[0m [43mdf_temp[49m[38;5;241;43m.[39;49m[43mto_parquet[49m[43m([49m[38;5;124;43m'[39;49m[38;5;124;43mwxt536_W08D_ambient_temp.parquet[39;49m[38;5;124;43m'[39;49m[43m,[49m
[1;32m      2[0m [43m                   [49m[43muse_deprecated_int96_timestamps[49m[38;5;241;43m=[39;49m[38;5;28;43;01mTrue[39;49;00m[43m)[49m

File [0;32m~/miniconda3/envs/instrument-cookbooks-dev/lib/python3.10/site-packages/pandas/util/_decorators.py:333[0m, in [0;36mdeprecate_nonkeyword_arguments.<locals>.decorate.<locals>.wrapper[0;34m(*args, **kwargs)[0m
[1;32m    327[0m [38;5;28;01mif[39;00m [38;5;28mlen[39m(args) [38;5;241m>[39m num_allow_args:
[1;32m    328[0m     warnings[38;5;241m.[39mwarn(
[1;32m    329[0m         msg[38;5;241m.[39mformat(arguments[38;5;241m=[39m_format_argument_list(allow_args)),
[1;32m    330[0m         [38;5;167;01mFutureWarning[39;00m,
[1;32m    331[0m         stacklevel[38;5;241m=[39mfind_stack_level(),
[1;32m    332[0m     )
[0;32m--> 333[0m [38;5;28;01mreturn[39;00m [43mfunc[49m[43m([49m[38;5;241;43m*[39;49m[43margs[49m[43m,[49m[43m [49m[38;5;241;43m*[39;49m[38;5;241;43m*[39;49m[43mkwargs[49m[43m)[49m

File [0;32m~/miniconda3/envs/instrument-cookbooks-dev/lib/python3.10/site-packages/pandas/core/frame.py:3101[0m, in [0;36mDataFrame.to_parquet[0;34m(self, path, engine, compression, index, partition_cols, storage_options, **kwargs)[0m
[1;32m   3020[0m [38;5;250m[39m[38;5;124;03m"""[39;00m
[1;32m   3021[0m [38;5;124;03mWrite a DataFrame to the binary parquet format.[39;00m
[1;32m   3022[0m 
[0;32m   (...)[0m
[1;32m   3097[0m [38;5;124;03m>>> content = f.read()[39;00m
[1;32m   3098[0m [38;5;124;03m"""[39;00m
[1;32m   3099[0m [38;5;28;01mfrom[39;00m [38;5;21;01mpandas[39;00m[38;5;21;01m.[39;00m[38;5;21;01mio[39;00m[38;5;21;01m.[39;00m[38;5;21;01mparquet[39;00m [38;5;28;01mimport[39;00m to_parquet
[0;32m-> 3101[0m [38;5;28;01mreturn[39;00m [43mto_parquet[49m[43m([49m
[1;32m   3102[0m [43m    [49m[38;5;28;43mself[39;49m[43m,[49m
[1;32m   3103[0m [43m    [49m[43mpath[49m[43m,[49m
[1;32m   3104[0m [43m    [49m[43mengine[49m[43m,[49m
[1;32m   3105[0m [43m    [49m[43mcompression[49m[38;5;241;43m=[39;49m[43mcompression[49m[43m,[49m
[1;32m   3106[0m [43m    [49m[43mindex[49m[38;5;241;43m=[39;49m[43mindex[49m[43m,[49m
[1;32m   3107[0m [43m    [49m[43mpartition_cols[49m[38;5;241;43m=[39;49m[43mpartition_cols[49m[43m,[49m
[1;32m   3108[0m [43m    [49m[43mstorage_options[49m[38;5;241;43m=[39;49m[43mstorage_options[49m[43m,[49m
[1;32m   3109[0m [43m    [49m[38;5;241;43m*[39;49m[38;5;241;43m*[39;49m[43mkwargs[49m[43m,[49m
[1;32m   3110[0m [43m[49m[43m)[49m

File [0;32m~/miniconda3/envs/instrument-cookbooks-dev/lib/python3.10/site-packages/pandas/io/parquet.py:476[0m, in [0;36mto_parquet[0;34m(df, path, engine, compression, index, storage_options, partition_cols, filesystem, **kwargs)[0m
[1;32m    474[0m [38;5;28;01mif[39;00m [38;5;28misinstance[39m(partition_cols, [38;5;28mstr[39m):
[1;32m    475[0m     partition_cols [38;5;241m=[39m [partition_cols]
[0;32m--> 476[0m impl [38;5;241m=[39m [43mget_engine[49m[43m([49m[43mengine[49m[43m)[49m
[1;32m    478[0m path_or_buf: FilePath [38;5;241m|[39m WriteBuffer[[38;5;28mbytes[39m] [38;5;241m=[39m io[38;5;241m.[39mBytesIO() [38;5;28;01mif[39;00m path [38;5;129;01mis[39;00m [38;5;28;01mNone[39;00m [38;5;28;01melse[39;00m path
[1;32m    480[0m impl[38;5;241m.[39mwrite(
[1;32m    481[0m     df,
[1;32m    482[0m     path_or_buf,
[0;32m   (...)[0m
[1;32m    488[0m     [38;5;241m*[39m[38;5;241m*[39mkwargs,
[1;32m    489[0m )

File [0;32m~/miniconda3/envs/instrument-cookbooks-dev/lib/python3.10/site-packages/pandas/io/parquet.py:67[0m, in [0;36mget_engine[0;34m(engine)[0m
[1;32m     64[0m         [38;5;28;01mexcept[39;00m [38;5;167;01mImportError[39;00m [38;5;28;01mas[39;00m err:
[1;32m     65[0m             error_msgs [38;5;241m+[39m[38;5;241m=[39m [38;5;124m"[39m[38;5;130;01m\n[39;00m[38;5;124m - [39m[38;5;124m"[39m [38;5;241m+[39m [38;5;28mstr[39m(err)
[0;32m---> 67[0m     [38;5;28;01mraise[39;00m [38;5;167;01mImportError[39;00m(
[1;32m     68[0m         [38;5;124m"[39m[38;5;124mUnable to find a usable engine; [39m[38;5;124m"[39m
[1;32m     69[0m         [38;5;124m"[39m[38;5;124mtried using: [39m[38;5;124m'[39m[38;5;124mpyarrow[39m[38;5;124m'[39m[38;5;124m, [39m[38;5;124m'[39m[38;5;124mfastparquet[39m[38;5;124m'[39m[38;5;124m.[39m[38;5;130;01m\n[39;00m[38;5;124m"[39m
[1;32m     70[0m         [38;5;124m"[39m[38;5;124mA suitable version of [39m[38;5;124m"[39m
[1;32m     71[0m         [38;5;124m"[39m[38;5;124mpyarrow or fastparquet is required for parquet [39m[38;5;124m"[39m
[1;32m     72[0m         [38;5;124m"[39m[38;5;124msupport.[39m[38;5;130;01m\n[39;00m[38;5;124m"[39m
[1;32m     73[0m         [38;5;124m"[39m[38;5;124mTrying to import the above resulted in these errors:[39m[38;5;124m"[39m
[1;32m     74[0m         [38;5;124mf[39m[38;5;124m"[39m[38;5;132;01m{[39;00merror_msgs[38;5;132;01m}[39;00m[38;5;124m"[39m
[1;32m     75[0m     )
[1;32m     77[0m [38;5;28;01mif[39;00m engine [38;5;241m==[39m [38;5;124m"[39m[38;5;124mpyarrow[39m[38;5;124m"[39m:
[1;32m     78[0m     [38;5;28;01mreturn[39;00m PyArrowImpl()

[0;31mImportError[0m: Unable to find a usable engine; tried using: 'pyarrow', 'fastparquet'.
A suitable version of pyarrow or fastparquet is required for parquet support.
Trying to import the above resulted in these errors:
 - Missing optional dependency 'pyarrow'. pyarrow is required for parquet support. Use pip or conda to install pyarrow.
 - Missing optional dependency 'fastparquet'. fastparquet is required for parquet support. Use pip or conda to install fastparquet.

