Traceback (most recent call last):
  File "/home/runner/miniconda3/envs/instrument-cookbooks-dev/lib/python3.10/site-packages/jupyter_cache/executors/utils.py", line 58, in single_nb_execution
    executenb(
  File "/home/runner/miniconda3/envs/instrument-cookbooks-dev/lib/python3.10/site-packages/nbclient/client.py", line 1314, in execute
    return NotebookClient(nb=nb, resources=resources, km=km, **kwargs).execute()
  File "/home/runner/miniconda3/envs/instrument-cookbooks-dev/lib/python3.10/site-packages/jupyter_core/utils/__init__.py", line 165, in wrapped
    return loop.run_until_complete(inner)
  File "/home/runner/miniconda3/envs/instrument-cookbooks-dev/lib/python3.10/asyncio/base_events.py", line 649, in run_until_complete
    return future.result()
  File "/home/runner/miniconda3/envs/instrument-cookbooks-dev/lib/python3.10/site-packages/nbclient/client.py", line 709, in async_execute
    await self.async_execute_cell(
  File "/home/runner/miniconda3/envs/instrument-cookbooks-dev/lib/python3.10/site-packages/nbclient/client.py", line 1062, in async_execute_cell
    await self._check_raise_for_error(cell, cell_index, exec_reply)
  File "/home/runner/miniconda3/envs/instrument-cookbooks-dev/lib/python3.10/site-packages/nbclient/client.py", line 918, in _check_raise_for_error
    raise CellExecutionError.from_cell_and_msg(cell, exec_reply_content)
nbclient.exceptions.CellExecutionError: An error occurred while executing the following cell:
------------------
cat_url = 'https://thredds.crocus-urban.org/thredds/catalog/neiu-mrrpro-a1/catalog.html'
cat = TDSCatalog(cat_url)
print(list(cat.datasets.keys()))
------------------


[0;31m---------------------------------------------------------------------------[0m
[0;31mRemoteDisconnected[0m                        Traceback (most recent call last)
File [0;32m~/miniconda3/envs/instrument-cookbooks-dev/lib/python3.10/site-packages/urllib3/connectionpool.py:789[0m, in [0;36mHTTPConnectionPool.urlopen[0;34m(self, method, url, body, headers, retries, redirect, assert_same_host, timeout, pool_timeout, release_conn, chunked, body_pos, preload_content, decode_content, **response_kw)[0m
[1;32m    788[0m [38;5;66;03m# Make the request on the HTTPConnection object[39;00m
[0;32m--> 789[0m response [38;5;241m=[39m [38;5;28;43mself[39;49m[38;5;241;43m.[39;49m[43m_make_request[49m[43m([49m
[1;32m    790[0m [43m    [49m[43mconn[49m[43m,[49m
[1;32m    791[0m [43m    [49m[43mmethod[49m[43m,[49m
[1;32m    792[0m [43m    [49m[43murl[49m[43m,[49m
[1;32m    793[0m [43m    [49m[43mtimeout[49m[38;5;241;43m=[39;49m[43mtimeout_obj[49m[43m,[49m
[1;32m    794[0m [43m    [49m[43mbody[49m[38;5;241;43m=[39;49m[43mbody[49m[43m,[49m
[1;32m    795[0m [43m    [49m[43mheaders[49m[38;5;241;43m=[39;49m[43mheaders[49m[43m,[49m
[1;32m    796[0m [43m    [49m[43mchunked[49m[38;5;241;43m=[39;49m[43mchunked[49m[43m,[49m
[1;32m    797[0m [43m    [49m[43mretries[49m[38;5;241;43m=[39;49m[43mretries[49m[43m,[49m
[1;32m    798[0m [43m    [49m[43mresponse_conn[49m[38;5;241;43m=[39;49m[43mresponse_conn[49m[43m,[49m
[1;32m    799[0m [43m    [49m[43mpreload_content[49m[38;5;241;43m=[39;49m[43mpreload_content[49m[43m,[49m
[1;32m    800[0m [43m    [49m[43mdecode_content[49m[38;5;241;43m=[39;49m[43mdecode_content[49m[43m,[49m
[1;32m    801[0m [43m    [49m[38;5;241;43m*[39;49m[38;5;241;43m*[39;49m[43mresponse_kw[49m[43m,[49m
[1;32m    802[0m [43m[49m[43m)[49m
[1;32m    804[0m [38;5;66;03m# Everything went great![39;00m

File [0;32m~/miniconda3/envs/instrument-cookbooks-dev/lib/python3.10/site-packages/urllib3/connectionpool.py:536[0m, in [0;36mHTTPConnectionPool._make_request[0;34m(self, conn, method, url, body, headers, retries, timeout, chunked, response_conn, preload_content, decode_content, enforce_content_length)[0m
[1;32m    535[0m [38;5;28;01mtry[39;00m:
[0;32m--> 536[0m     response [38;5;241m=[39m [43mconn[49m[38;5;241;43m.[39;49m[43mgetresponse[49m[43m([49m[43m)[49m
[1;32m    537[0m [38;5;28;01mexcept[39;00m (BaseSSLError, [38;5;167;01mOSError[39;00m) [38;5;28;01mas[39;00m e:

File [0;32m~/miniconda3/envs/instrument-cookbooks-dev/lib/python3.10/site-packages/urllib3/connection.py:507[0m, in [0;36mHTTPConnection.getresponse[0;34m(self)[0m
[1;32m    506[0m [38;5;66;03m# Get the response from http.client.HTTPConnection[39;00m
[0;32m--> 507[0m httplib_response [38;5;241m=[39m [38;5;28;43msuper[39;49m[43m([49m[43m)[49m[38;5;241;43m.[39;49m[43mgetresponse[49m[43m([49m[43m)[49m
[1;32m    509[0m [38;5;28;01mtry[39;00m:

File [0;32m~/miniconda3/envs/instrument-cookbooks-dev/lib/python3.10/http/client.py:1375[0m, in [0;36mHTTPConnection.getresponse[0;34m(self)[0m
[1;32m   1374[0m [38;5;28;01mtry[39;00m:
[0;32m-> 1375[0m     [43mresponse[49m[38;5;241;43m.[39;49m[43mbegin[49m[43m([49m[43m)[49m
[1;32m   1376[0m [38;5;28;01mexcept[39;00m [38;5;167;01mConnectionError[39;00m:

File [0;32m~/miniconda3/envs/instrument-cookbooks-dev/lib/python3.10/http/client.py:318[0m, in [0;36mHTTPResponse.begin[0;34m(self)[0m
[1;32m    317[0m [38;5;28;01mwhile[39;00m [38;5;28;01mTrue[39;00m:
[0;32m--> 318[0m     version, status, reason [38;5;241m=[39m [38;5;28;43mself[39;49m[38;5;241;43m.[39;49m[43m_read_status[49m[43m([49m[43m)[49m
[1;32m    319[0m     [38;5;28;01mif[39;00m status [38;5;241m!=[39m CONTINUE:

File [0;32m~/miniconda3/envs/instrument-cookbooks-dev/lib/python3.10/http/client.py:287[0m, in [0;36mHTTPResponse._read_status[0;34m(self)[0m
[1;32m    284[0m [38;5;28;01mif[39;00m [38;5;129;01mnot[39;00m line:
[1;32m    285[0m     [38;5;66;03m# Presumably, the server closed the connection before[39;00m
[1;32m    286[0m     [38;5;66;03m# sending a valid response.[39;00m
[0;32m--> 287[0m     [38;5;28;01mraise[39;00m RemoteDisconnected([38;5;124m"[39m[38;5;124mRemote end closed connection without[39m[38;5;124m"[39m
[1;32m    288[0m                              [38;5;124m"[39m[38;5;124m response[39m[38;5;124m"[39m)
[1;32m    289[0m [38;5;28;01mtry[39;00m:

[0;31mRemoteDisconnected[0m: Remote end closed connection without response

During handling of the above exception, another exception occurred:

[0;31mProtocolError[0m                             Traceback (most recent call last)
File [0;32m~/miniconda3/envs/instrument-cookbooks-dev/lib/python3.10/site-packages/requests/adapters.py:667[0m, in [0;36mHTTPAdapter.send[0;34m(self, request, stream, timeout, verify, cert, proxies)[0m
[1;32m    666[0m [38;5;28;01mtry[39;00m:
[0;32m--> 667[0m     resp [38;5;241m=[39m [43mconn[49m[38;5;241;43m.[39;49m[43murlopen[49m[43m([49m
[1;32m    668[0m [43m        [49m[43mmethod[49m[38;5;241;43m=[39;49m[43mrequest[49m[38;5;241;43m.[39;49m[43mmethod[49m[43m,[49m
[1;32m    669[0m [43m        [49m[43murl[49m[38;5;241;43m=[39;49m[43murl[49m[43m,[49m
[1;32m    670[0m [43m        [49m[43mbody[49m[38;5;241;43m=[39;49m[43mrequest[49m[38;5;241;43m.[39;49m[43mbody[49m[43m,[49m
[1;32m    671[0m [43m        [49m[43mheaders[49m[38;5;241;43m=[39;49m[43mrequest[49m[38;5;241;43m.[39;49m[43mheaders[49m[43m,[49m
[1;32m    672[0m [43m        [49m[43mredirect[49m[38;5;241;43m=[39;49m[38;5;28;43;01mFalse[39;49;00m[43m,[49m
[1;32m    673[0m [43m        [49m[43massert_same_host[49m[38;5;241;43m=[39;49m[38;5;28;43;01mFalse[39;49;00m[43m,[49m
[1;32m    674[0m [43m        [49m[43mpreload_content[49m[38;5;241;43m=[39;49m[38;5;28;43;01mFalse[39;49;00m[43m,[49m
[1;32m    675[0m [43m        [49m[43mdecode_content[49m[38;5;241;43m=[39;49m[38;5;28;43;01mFalse[39;49;00m[43m,[49m
[1;32m    676[0m [43m        [49m[43mretries[49m[38;5;241;43m=[39;49m[38;5;28;43mself[39;49m[38;5;241;43m.[39;49m[43mmax_retries[49m[43m,[49m
[1;32m    677[0m [43m        [49m[43mtimeout[49m[38;5;241;43m=[39;49m[43mtimeout[49m[43m,[49m
[1;32m    678[0m [43m        [49m[43mchunked[49m[38;5;241;43m=[39;49m[43mchunked[49m[43m,[49m
[1;32m    679[0m [43m    [49m[43m)[49m
[1;32m    681[0m [38;5;28;01mexcept[39;00m (ProtocolError, [38;5;167;01mOSError[39;00m) [38;5;28;01mas[39;00m err:

File [0;32m~/miniconda3/envs/instrument-cookbooks-dev/lib/python3.10/site-packages/urllib3/connectionpool.py:843[0m, in [0;36mHTTPConnectionPool.urlopen[0;34m(self, method, url, body, headers, retries, redirect, assert_same_host, timeout, pool_timeout, release_conn, chunked, body_pos, preload_content, decode_content, **response_kw)[0m
[1;32m    841[0m     new_e [38;5;241m=[39m ProtocolError([38;5;124m"[39m[38;5;124mConnection aborted.[39m[38;5;124m"[39m, new_e)
[0;32m--> 843[0m retries [38;5;241m=[39m [43mretries[49m[38;5;241;43m.[39;49m[43mincrement[49m[43m([49m
[1;32m    844[0m [43m    [49m[43mmethod[49m[43m,[49m[43m [49m[43murl[49m[43m,[49m[43m [49m[43merror[49m[38;5;241;43m=[39;49m[43mnew_e[49m[43m,[49m[43m [49m[43m_pool[49m[38;5;241;43m=[39;49m[38;5;28;43mself[39;49m[43m,[49m[43m [49m[43m_stacktrace[49m[38;5;241;43m=[39;49m[43msys[49m[38;5;241;43m.[39;49m[43mexc_info[49m[43m([49m[43m)[49m[43m[[49m[38;5;241;43m2[39;49m[43m][49m
[1;32m    845[0m [43m[49m[43m)[49m
[1;32m    846[0m retries[38;5;241m.[39msleep()

File [0;32m~/miniconda3/envs/instrument-cookbooks-dev/lib/python3.10/site-packages/urllib3/util/retry.py:474[0m, in [0;36mRetry.increment[0;34m(self, method, url, response, error, _pool, _stacktrace)[0m
[1;32m    473[0m [38;5;28;01mif[39;00m read [38;5;129;01mis[39;00m [38;5;28;01mFalse[39;00m [38;5;129;01mor[39;00m method [38;5;129;01mis[39;00m [38;5;28;01mNone[39;00m [38;5;129;01mor[39;00m [38;5;129;01mnot[39;00m [38;5;28mself[39m[38;5;241m.[39m_is_method_retryable(method):
[0;32m--> 474[0m     [38;5;28;01mraise[39;00m [43mreraise[49m[43m([49m[38;5;28;43mtype[39;49m[43m([49m[43merror[49m[43m)[49m[43m,[49m[43m [49m[43merror[49m[43m,[49m[43m [49m[43m_stacktrace[49m[43m)[49m
[1;32m    475[0m [38;5;28;01melif[39;00m read [38;5;129;01mis[39;00m [38;5;129;01mnot[39;00m [38;5;28;01mNone[39;00m:

File [0;32m~/miniconda3/envs/instrument-cookbooks-dev/lib/python3.10/site-packages/urllib3/util/util.py:38[0m, in [0;36mreraise[0;34m(tp, value, tb)[0m
[1;32m     37[0m [38;5;28;01mif[39;00m value[38;5;241m.[39m__traceback__ [38;5;129;01mis[39;00m [38;5;129;01mnot[39;00m tb:
[0;32m---> 38[0m     [38;5;28;01mraise[39;00m value[38;5;241m.[39mwith_traceback(tb)
[1;32m     39[0m [38;5;28;01mraise[39;00m value

File [0;32m~/miniconda3/envs/instrument-cookbooks-dev/lib/python3.10/site-packages/urllib3/connectionpool.py:789[0m, in [0;36mHTTPConnectionPool.urlopen[0;34m(self, method, url, body, headers, retries, redirect, assert_same_host, timeout, pool_timeout, release_conn, chunked, body_pos, preload_content, decode_content, **response_kw)[0m
[1;32m    788[0m [38;5;66;03m# Make the request on the HTTPConnection object[39;00m
[0;32m--> 789[0m response [38;5;241m=[39m [38;5;28;43mself[39;49m[38;5;241;43m.[39;49m[43m_make_request[49m[43m([49m
[1;32m    790[0m [43m    [49m[43mconn[49m[43m,[49m
[1;32m    791[0m [43m    [49m[43mmethod[49m[43m,[49m
[1;32m    792[0m [43m    [49m[43murl[49m[43m,[49m
[1;32m    793[0m [43m    [49m[43mtimeout[49m[38;5;241;43m=[39;49m[43mtimeout_obj[49m[43m,[49m
[1;32m    794[0m [43m    [49m[43mbody[49m[38;5;241;43m=[39;49m[43mbody[49m[43m,[49m
[1;32m    795[0m [43m    [49m[43mheaders[49m[38;5;241;43m=[39;49m[43mheaders[49m[43m,[49m
[1;32m    796[0m [43m    [49m[43mchunked[49m[38;5;241;43m=[39;49m[43mchunked[49m[43m,[49m
[1;32m    797[0m [43m    [49m[43mretries[49m[38;5;241;43m=[39;49m[43mretries[49m[43m,[49m
[1;32m    798[0m [43m    [49m[43mresponse_conn[49m[38;5;241;43m=[39;49m[43mresponse_conn[49m[43m,[49m
[1;32m    799[0m [43m    [49m[43mpreload_content[49m[38;5;241;43m=[39;49m[43mpreload_content[49m[43m,[49m
[1;32m    800[0m [43m    [49m[43mdecode_content[49m[38;5;241;43m=[39;49m[43mdecode_content[49m[43m,[49m
[1;32m    801[0m [43m    [49m[38;5;241;43m*[39;49m[38;5;241;43m*[39;49m[43mresponse_kw[49m[43m,[49m
[1;32m    802[0m [43m[49m[43m)[49m
[1;32m    804[0m [38;5;66;03m# Everything went great![39;00m

File [0;32m~/miniconda3/envs/instrument-cookbooks-dev/lib/python3.10/site-packages/urllib3/connectionpool.py:536[0m, in [0;36mHTTPConnectionPool._make_request[0;34m(self, conn, method, url, body, headers, retries, timeout, chunked, response_conn, preload_content, decode_content, enforce_content_length)[0m
[1;32m    535[0m [38;5;28;01mtry[39;00m:
[0;32m--> 536[0m     response [38;5;241m=[39m [43mconn[49m[38;5;241;43m.[39;49m[43mgetresponse[49m[43m([49m[43m)[49m
[1;32m    537[0m [38;5;28;01mexcept[39;00m (BaseSSLError, [38;5;167;01mOSError[39;00m) [38;5;28;01mas[39;00m e:

File [0;32m~/miniconda3/envs/instrument-cookbooks-dev/lib/python3.10/site-packages/urllib3/connection.py:507[0m, in [0;36mHTTPConnection.getresponse[0;34m(self)[0m
[1;32m    506[0m [38;5;66;03m# Get the response from http.client.HTTPConnection[39;00m
[0;32m--> 507[0m httplib_response [38;5;241m=[39m [38;5;28;43msuper[39;49m[43m([49m[43m)[49m[38;5;241;43m.[39;49m[43mgetresponse[49m[43m([49m[43m)[49m
[1;32m    509[0m [38;5;28;01mtry[39;00m:

File [0;32m~/miniconda3/envs/instrument-cookbooks-dev/lib/python3.10/http/client.py:1375[0m, in [0;36mHTTPConnection.getresponse[0;34m(self)[0m
[1;32m   1374[0m [38;5;28;01mtry[39;00m:
[0;32m-> 1375[0m     [43mresponse[49m[38;5;241;43m.[39;49m[43mbegin[49m[43m([49m[43m)[49m
[1;32m   1376[0m [38;5;28;01mexcept[39;00m [38;5;167;01mConnectionError[39;00m:

File [0;32m~/miniconda3/envs/instrument-cookbooks-dev/lib/python3.10/http/client.py:318[0m, in [0;36mHTTPResponse.begin[0;34m(self)[0m
[1;32m    317[0m [38;5;28;01mwhile[39;00m [38;5;28;01mTrue[39;00m:
[0;32m--> 318[0m     version, status, reason [38;5;241m=[39m [38;5;28;43mself[39;49m[38;5;241;43m.[39;49m[43m_read_status[49m[43m([49m[43m)[49m
[1;32m    319[0m     [38;5;28;01mif[39;00m status [38;5;241m!=[39m CONTINUE:

File [0;32m~/miniconda3/envs/instrument-cookbooks-dev/lib/python3.10/http/client.py:287[0m, in [0;36mHTTPResponse._read_status[0;34m(self)[0m
[1;32m    284[0m [38;5;28;01mif[39;00m [38;5;129;01mnot[39;00m line:
[1;32m    285[0m     [38;5;66;03m# Presumably, the server closed the connection before[39;00m
[1;32m    286[0m     [38;5;66;03m# sending a valid response.[39;00m
[0;32m--> 287[0m     [38;5;28;01mraise[39;00m RemoteDisconnected([38;5;124m"[39m[38;5;124mRemote end closed connection without[39m[38;5;124m"[39m
[1;32m    288[0m                              [38;5;124m"[39m[38;5;124m response[39m[38;5;124m"[39m)
[1;32m    289[0m [38;5;28;01mtry[39;00m:

[0;31mProtocolError[0m: ('Connection aborted.', RemoteDisconnected('Remote end closed connection without response'))

During handling of the above exception, another exception occurred:

[0;31mConnectionError[0m                           Traceback (most recent call last)
Cell [0;32mIn[3], line 2[0m
[1;32m      1[0m cat_url [38;5;241m=[39m [38;5;124m'[39m[38;5;124mhttps://thredds.crocus-urban.org/thredds/catalog/neiu-mrrpro-a1/catalog.html[39m[38;5;124m'[39m
[0;32m----> 2[0m cat [38;5;241m=[39m [43mTDSCatalog[49m[43m([49m[43mcat_url[49m[43m)[49m
[1;32m      3[0m [38;5;28mprint[39m([38;5;28mlist[39m(cat[38;5;241m.[39mdatasets[38;5;241m.[39mkeys()))

File [0;32m~/miniconda3/envs/instrument-cookbooks-dev/lib/python3.10/site-packages/siphon/catalog.py:281[0m, in [0;36mTDSCatalog.__init__[0;34m(self, catalog_url)[0m
[1;32m    278[0m [38;5;28mself[39m[38;5;241m.[39msession [38;5;241m=[39m session_manager[38;5;241m.[39mcreate_session()
[1;32m    280[0m [38;5;66;03m# get catalog.xml file[39;00m
[0;32m--> 281[0m resp [38;5;241m=[39m [38;5;28;43mself[39;49m[38;5;241;43m.[39;49m[43msession[49m[38;5;241;43m.[39;49m[43mget[49m[43m([49m[43mcatalog_url[49m[43m)[49m
[1;32m    282[0m resp[38;5;241m.[39mraise_for_status()
[1;32m    284[0m [38;5;66;03m# top level server url[39;00m

File [0;32m~/miniconda3/envs/instrument-cookbooks-dev/lib/python3.10/site-packages/requests/sessions.py:602[0m, in [0;36mSession.get[0;34m(self, url, **kwargs)[0m
[1;32m    594[0m [38;5;250m[39m[38;5;124mr[39m[38;5;124;03m"""Sends a GET request. Returns :class:`Response` object.[39;00m
[1;32m    595[0m 
[1;32m    596[0m [38;5;124;03m:param url: URL for the new :class:`Request` object.[39;00m
[1;32m    597[0m [38;5;124;03m:param \*\*kwargs: Optional arguments that ``request`` takes.[39;00m
[1;32m    598[0m [38;5;124;03m:rtype: requests.Response[39;00m
[1;32m    599[0m [38;5;124;03m"""[39;00m
[1;32m    601[0m kwargs[38;5;241m.[39msetdefault([38;5;124m"[39m[38;5;124mallow_redirects[39m[38;5;124m"[39m, [38;5;28;01mTrue[39;00m)
[0;32m--> 602[0m [38;5;28;01mreturn[39;00m [38;5;28;43mself[39;49m[38;5;241;43m.[39;49m[43mrequest[49m[43m([49m[38;5;124;43m"[39;49m[38;5;124;43mGET[39;49m[38;5;124;43m"[39;49m[43m,[49m[43m [49m[43murl[49m[43m,[49m[43m [49m[38;5;241;43m*[39;49m[38;5;241;43m*[39;49m[43mkwargs[49m[43m)[49m

File [0;32m~/miniconda3/envs/instrument-cookbooks-dev/lib/python3.10/site-packages/requests/sessions.py:589[0m, in [0;36mSession.request[0;34m(self, method, url, params, data, headers, cookies, files, auth, timeout, allow_redirects, proxies, hooks, stream, verify, cert, json)[0m
[1;32m    584[0m send_kwargs [38;5;241m=[39m {
[1;32m    585[0m     [38;5;124m"[39m[38;5;124mtimeout[39m[38;5;124m"[39m: timeout,
[1;32m    586[0m     [38;5;124m"[39m[38;5;124mallow_redirects[39m[38;5;124m"[39m: allow_redirects,
[1;32m    587[0m }
[1;32m    588[0m send_kwargs[38;5;241m.[39mupdate(settings)
[0;32m--> 589[0m resp [38;5;241m=[39m [38;5;28;43mself[39;49m[38;5;241;43m.[39;49m[43msend[49m[43m([49m[43mprep[49m[43m,[49m[43m [49m[38;5;241;43m*[39;49m[38;5;241;43m*[39;49m[43msend_kwargs[49m[43m)[49m
[1;32m    591[0m [38;5;28;01mreturn[39;00m resp

File [0;32m~/miniconda3/envs/instrument-cookbooks-dev/lib/python3.10/site-packages/requests/sessions.py:703[0m, in [0;36mSession.send[0;34m(self, request, **kwargs)[0m
[1;32m    700[0m start [38;5;241m=[39m preferred_clock()
[1;32m    702[0m [38;5;66;03m# Send the request[39;00m
[0;32m--> 703[0m r [38;5;241m=[39m [43madapter[49m[38;5;241;43m.[39;49m[43msend[49m[43m([49m[43mrequest[49m[43m,[49m[43m [49m[38;5;241;43m*[39;49m[38;5;241;43m*[39;49m[43mkwargs[49m[43m)[49m
[1;32m    705[0m [38;5;66;03m# Total elapsed time of the request (approximately)[39;00m
[1;32m    706[0m elapsed [38;5;241m=[39m preferred_clock() [38;5;241m-[39m start

File [0;32m~/miniconda3/envs/instrument-cookbooks-dev/lib/python3.10/site-packages/requests/adapters.py:682[0m, in [0;36mHTTPAdapter.send[0;34m(self, request, stream, timeout, verify, cert, proxies)[0m
[1;32m    667[0m     resp [38;5;241m=[39m conn[38;5;241m.[39murlopen(
[1;32m    668[0m         method[38;5;241m=[39mrequest[38;5;241m.[39mmethod,
[1;32m    669[0m         url[38;5;241m=[39murl,
[0;32m   (...)[0m
[1;32m    678[0m         chunked[38;5;241m=[39mchunked,
[1;32m    679[0m     )
[1;32m    681[0m [38;5;28;01mexcept[39;00m (ProtocolError, [38;5;167;01mOSError[39;00m) [38;5;28;01mas[39;00m err:
[0;32m--> 682[0m     [38;5;28;01mraise[39;00m [38;5;167;01mConnectionError[39;00m(err, request[38;5;241m=[39mrequest)
[1;32m    684[0m [38;5;28;01mexcept[39;00m MaxRetryError [38;5;28;01mas[39;00m e:
[1;32m    685[0m     [38;5;28;01mif[39;00m [38;5;28misinstance[39m(e[38;5;241m.[39mreason, ConnectTimeoutError):
[1;32m    686[0m         [38;5;66;03m# TODO: Remove this in 3.0.0: see #2811[39;00m

[0;31mConnectionError[0m: ('Connection aborted.', RemoteDisconnected('Remote end closed connection without response'))

